Using backend: pytorch
Epoch 0, loss 1.0001
Epoch 1, loss 0.9998
Epoch 2, loss 0.9991
Epoch 3, loss 0.9986
[[1 1 1 1 1 1 1 1 1 1]
 [1 1 1 1 1 1 1 1 1 1]
 [1 1 1 1 1 1 1 1 1 1]
 [1 1 1 1 1 1 1 1 1 1]
 [1 1 1 1 1 1 1 1 1 1]
 [1 1 1 1 1 1 1 1 1 1]
 [1 1 1 1 1 1 1 1 1 1]
 [1 1 1 1 1 1 1 1 1 1]
 [1 1 1 1 1 1 1 1 1 1]
 [1 1 1 1 1 1 1 1 1 1]] [[-1  1 -1 -1 -1 -1 -1 -1 -1 -1]
 [ 1 -1 -1 -1 -1 -1 -1 -1 -1 -1]
 [-1 -1 -1 -1  1 -1 -1  1 -1 -1]
 [-1 -1 -1 -1 -1 -1 -1 -1 -1  1]
 [-1 -1 -1 -1 -1 -1 -1 -1  1 -1]
 [-1 -1 -1  1 -1 -1 -1 -1 -1 -1]
 [-1 -1  1 -1 -1 -1 -1 -1 -1 -1]
 [-1 -1 -1 -1 -1 -1  1 -1 -1 -1]
 [-1 -1 -1 -1  1 -1 -1  1 -1 -1]
 [-1 -1 -1 -1 -1  1 -1 -1 -1 -1]]
Org_data Accuracy: 0.2149
Test_data Accuracy: 0.2149
Epoch 4, loss 0.9986
Epoch 5, loss 0.9991
Epoch 6, loss 0.9984
Epoch 7, loss 1.0324
[[ 1 -1 -1  1 -1  1  1  1  1  1]
 [ 1 -1 -1  1 -1  1  1  1  1  1]
 [ 1 -1 -1  1 -1  1  1  1  1  1]
 [-1  1  1 -1  1 -1 -1 -1 -1 -1]
 [ 1 -1 -1  1 -1  1  1  1  1  1]
 [-1  1  1 -1  1 -1 -1 -1 -1 -1]
 [ 1 -1 -1  1 -1  1  1  1  1  1]
 [ 1 -1 -1  1 -1  1  1  1  1  1]
 [-1  1  1 -1  1 -1 -1 -1 -1 -1]
 [ 1 -1 -1  1 -1  1  1  1  1  1]] [[ 1 -1 -1 -1 -1 -1 -1 -1 -1 -1]
 [-1 -1 -1 -1 -1 -1  1 -1 -1 -1]
 [-1 -1 -1  1 -1 -1 -1 -1 -1 -1]
 [-1 -1  1 -1 -1 -1 -1 -1 -1 -1]
 [-1 -1 -1 -1 -1 -1 -1 -1  1 -1]
 [-1  1 -1 -1 -1 -1 -1 -1 -1 -1]
 [-1 -1 -1 -1 -1 -1 -1 -1 -1  1]
 [-1 -1 -1 -1 -1 -1 -1  1 -1 -1]
 [-1 -1 -1 -1  1 -1 -1 -1 -1 -1]
 [-1 -1 -1 -1 -1  1 -1 -1 -1 -1]]
Org_data Accuracy: 0.3712
Test_data Accuracy: 0.3712
Epoch 8, loss 0.9983
Epoch 9, loss 1.0059
Epoch 10, loss 0.9985
Epoch 11, loss 1.0002
[[-1  1  1  1  1  1  1  1  1  1]
 [-1  1  1  1  1  1  1  1  1  1]
 [-1  1  1  1  1  1  1  1  1  1]
 [-1  1  1  1  1  1  1  1  1  1]
 [ 1 -1 -1 -1 -1 -1 -1 -1 -1 -1]
 [-1  1  1  1  1  1  1  1  1  1]
 [-1  1  1  1  1  1  1  1  1  1]
 [-1  1  1  1  1  1  1  1  1  1]
 [-1  1  1  1  1  1  1  1  1  1]
 [-1  1  1  1  1  1  1  1  1  1]] [[-1 -1 -1  1 -1 -1 -1 -1 -1 -1]
 [-1 -1 -1 -1 -1  1 -1 -1 -1 -1]
 [-1 -1 -1 -1 -1 -1 -1  1 -1 -1]
 [-1 -1 -1 -1 -1 -1  1 -1 -1 -1]
 [ 1 -1 -1 -1 -1 -1 -1 -1 -1 -1]
 [-1 -1 -1 -1 -1 -1 -1 -1 -1  1]
 [-1 -1 -1 -1  1 -1 -1 -1 -1 -1]
 [-1  1 -1 -1 -1 -1 -1 -1 -1 -1]
 [-1 -1 -1 -1 -1 -1 -1 -1  1 -1]
 [-1 -1  1 -1 -1 -1 -1 -1 -1 -1]]
Org_data Accuracy: 0.3570
Test_data Accuracy: 0.3570
Epoch 12, loss 0.9975
Epoch 13, loss 0.9976
Epoch 14, loss 0.9961
Epoch 15, loss 0.9989
[[1 1 1 1 1 1 1 1 1 1]
 [1 1 1 1 1 1 1 1 1 1]
 [1 1 1 1 1 1 1 1 1 1]
 [1 1 1 1 1 1 1 1 1 1]
 [1 1 1 1 1 1 1 1 1 1]
 [1 1 1 1 1 1 1 1 1 1]
 [1 1 1 1 1 1 1 1 1 1]
 [1 1 1 1 1 1 1 1 1 1]
 [1 1 1 1 1 1 1 1 1 1]
 [1 1 1 1 1 1 1 1 1 1]] [[-1 -1 -1 -1 -1  1 -1 -1 -1 -1]
 [-1 -1 -1  1 -1 -1 -1 -1 -1 -1]
 [-1 -1 -1 -1 -1 -1 -1 -1  1 -1]
 [ 1 -1 -1 -1 -1 -1 -1 -1 -1 -1]
 [-1 -1 -1 -1 -1 -1  1 -1 -1 -1]
 [-1 -1 -1 -1  1 -1 -1 -1 -1 -1]
 [-1 -1 -1 -1 -1 -1 -1  1 -1 -1]
 [-1 -1  1 -1 -1 -1 -1 -1 -1 -1]
 [-1 -1 -1 -1 -1 -1 -1 -1 -1  1]
 [-1  1 -1 -1 -1 -1 -1 -1 -1 -1]]
Org_data Accuracy: 0.1838
Test_data Accuracy: 0.1838
Epoch 16, loss 0.9958
Epoch 17, loss 0.9954
Epoch 18, loss 1.0247
Epoch 19, loss 0.9990
[[ 1 -1  1  1  1  1  1  1  1  1]
 [ 1 -1  1  1  1  1  1  1  1  1]
 [ 1 -1  1  1  1  1  1  1  1  1]
 [ 1 -1  1  1  1  1  1  1  1  1]
 [ 1 -1  1  1  1  1  1  1  1  1]
 [ 1 -1  1  1  1  1  1  1  1  1]
 [ 1 -1  1  1  1  1  1  1  1  1]
 [ 1 -1  1  1  1  1  1  1  1  1]
 [ 1 -1  1  1  1  1  1  1  1  1]
 [-1  1 -1 -1 -1 -1 -1 -1 -1 -1]] [[-1 -1 -1 -1 -1 -1 -1  1 -1 -1]
 [-1 -1 -1 -1 -1 -1 -1 -1  1 -1]
 [-1 -1 -1 -1 -1 -1  1 -1 -1 -1]
 [-1 -1 -1 -1 -1 -1 -1 -1 -1  1]
 [-1 -1 -1 -1  1 -1 -1 -1 -1 -1]
 [ 1 -1 -1 -1 -1 -1 -1 -1 -1 -1]
 [-1 -1  1 -1 -1 -1 -1 -1 -1 -1]
 [-1 -1 -1  1 -1 -1 -1 -1 -1 -1]
 [-1 -1 -1 -1 -1  1 -1 -1 -1 -1]
 [-1  1 -1 -1 -1 -1 -1 -1 -1 -1]]
Org_data Accuracy: 0.1886
Test_data Accuracy: 0.1886
Epoch 20, loss 0.9976
Epoch 21, loss 0.9951
Epoch 22, loss 0.9947
Epoch 23, loss 0.9965
[[-1 -1 -1  1  1 -1 -1  1  1 -1]
 [ 1  1  1 -1 -1  1  1 -1 -1  1]
 [ 1  1  1 -1 -1  1  1 -1 -1  1]
 [ 1  1  1 -1 -1  1  1 -1 -1  1]
 [-1 -1 -1  1  1 -1 -1  1  1 -1]
 [ 1  1  1 -1 -1  1  1 -1 -1  1]
 [-1 -1 -1  1  1 -1 -1  1  1 -1]
 [-1 -1 -1  1  1 -1 -1  1  1 -1]
 [ 1  1  1 -1 -1  1  1 -1 -1  1]
 [ 1  1  1 -1 -1  1  1 -1 -1  1]] [[-1 -1 -1 -1 -1 -1 -1 -1  1 -1]
 [ 1 -1 -1 -1 -1 -1 -1 -1 -1 -1]
 [-1 -1  1 -1 -1 -1 -1 -1 -1 -1]
 [-1 -1 -1 -1 -1 -1  1 -1 -1 -1]
 [-1 -1 -1 -1  1 -1 -1 -1 -1 -1]
 [-1 -1 -1 -1 -1 -1 -1 -1 -1  1]
 [-1 -1 -1  1 -1 -1 -1 -1 -1 -1]
 [-1 -1 -1 -1 -1 -1 -1  1 -1 -1]
 [-1 -1 -1 -1 -1  1 -1 -1 -1 -1]
 [-1  1 -1 -1 -1 -1 -1 -1 -1 -1]]
Org_data Accuracy: 0.3790
Test_data Accuracy: 0.3790
Epoch 24, loss 0.9953
Epoch 25, loss 0.9942
Epoch 26, loss 0.9992
Epoch 27, loss 1.0114
[[ 1  1  1  1  1  1 -1  1  1  1]
 [ 1  1  1  1  1  1  1  1  1  1]
 [ 1  1  1  1  1  1  1  1  1  1]
 [ 1  1  1  1 -1 -1  1  1  1  1]
 [ 1  1  1  1  1  1  1  1  1  1]
 [ 1  1  1  1  1  1  1  1  1  1]
 [ 1  1  1  1  1  1 -1  1  1  1]
 [ 1  1  1  1  1  1  1  1  1  1]
 [ 1  1  1  1  1  1  1  1  1  1]
 [ 1  1  1  1  1  1  1  1  1  1]] [[-1 -1 -1 -1  1 -1 -1 -1 -1 -1]
 [-1  1 -1 -1 -1 -1 -1 -1 -1 -1]
 [-1 -1 -1 -1 -1 -1 -1 -1  1 -1]
 [-1 -1 -1 -1 -1 -1  1 -1 -1 -1]
 [ 1 -1 -1 -1 -1 -1 -1 -1 -1 -1]
 [-1 -1 -1 -1 -1 -1 -1  1 -1 -1]
 [-1 -1 -1 -1 -1  1 -1 -1 -1 -1]
 [-1 -1  1 -1 -1 -1 -1 -1 -1 -1]
 [-1 -1 -1 -1 -1 -1 -1 -1 -1  1]
 [-1 -1 -1  1 -1 -1 -1 -1 -1 -1]]
Org_data Accuracy: 0.2989
Test_data Accuracy: 0.2989
Epoch 28, loss 0.9976
Epoch 29, loss 1.0087
Epoch 30, loss 0.9994
Epoch 31, loss 0.9992
[[1 1 1 1 1 1 1 1 1 1]
 [1 1 1 1 1 1 1 1 1 1]
 [1 1 1 1 1 1 1 1 1 1]
 [1 1 1 1 1 1 1 1 1 1]
 [1 1 1 1 1 1 1 1 1 1]
 [1 1 1 1 1 1 1 1 1 1]
 [1 1 1 1 1 1 1 1 1 1]
 [1 1 1 1 1 1 1 1 1 1]
 [1 1 1 1 1 1 1 1 1 1]
 [1 1 1 1 1 1 1 1 1 1]] [[-1 -1 -1 -1 -1  1 -1 -1 -1 -1]
 [-1  1 -1 -1 -1 -1 -1 -1 -1 -1]
 [-1 -1  1 -1 -1 -1 -1 -1 -1 -1]
 [ 1 -1 -1 -1 -1 -1 -1 -1 -1 -1]
 [-1 -1 -1 -1 -1 -1 -1  1 -1 -1]
 [-1 -1 -1  1 -1 -1 -1 -1 -1 -1]
 [-1 -1 -1 -1  1 -1 -1 -1 -1 -1]
 [-1 -1 -1 -1 -1 -1 -1 -1  1 -1]
 [-1 -1 -1 -1 -1 -1  1 -1 -1 -1]
 [-1 -1 -1 -1 -1 -1 -1 -1 -1  1]]
Org_data Accuracy: 0.2188
Test_data Accuracy: 0.2188
Epoch 32, loss 0.9999
Epoch 33, loss 0.9989
Epoch 34, loss 0.9989
Epoch 35, loss 0.9987
[[1 1 1 1 1 1 1 1 1 1]
 [1 1 1 1 1 1 1 1 1 1]
 [1 1 1 1 1 1 1 1 1 1]
 [1 1 1 1 1 1 1 1 1 1]
 [1 1 1 1 1 1 1 1 1 1]
 [1 1 1 1 1 1 1 1 1 1]
 [1 1 1 1 1 1 1 1 1 1]
 [1 1 1 1 1 1 1 1 1 1]
 [1 1 1 1 1 1 1 1 1 1]
 [1 1 1 1 1 1 1 1 1 1]] [[-1 -1 -1 -1 -1 -1 -1 -1 -1  1]
 [-1  1 -1 -1 -1 -1 -1 -1 -1 -1]
 [-1 -1 -1 -1 -1 -1 -1 -1  1 -1]
 [-1 -1 -1 -1 -1 -1 -1  1 -1 -1]
 [-1 -1 -1 -1 -1  1 -1 -1 -1 -1]
 [ 1 -1 -1 -1 -1 -1 -1 -1 -1 -1]
 [-1 -1  1 -1 -1 -1 -1 -1 -1 -1]
 [-1 -1 -1 -1 -1 -1  1 -1 -1 -1]
 [-1 -1 -1  1 -1 -1 -1 -1 -1 -1]
 [-1 -1 -1 -1  1 -1 -1 -1 -1 -1]]
Org_data Accuracy: 0.1791
Test_data Accuracy: 0.1791
Epoch 36, loss 1.1250
Epoch 37, loss 0.9989
Epoch 38, loss 0.9986
Epoch 39, loss 0.9988
[[ 1 -1 -1  1 -1 -1  1 -1 -1 -1]
 [-1  1  1 -1  1  1 -1  1  1  1]
 [-1  1  1 -1  1  1 -1  1  1  1]
 [-1  1  1 -1  1  1 -1  1  1  1]
 [ 1 -1 -1  1 -1 -1  1 -1 -1 -1]
 [-1  1  1 -1  1  1 -1  1  1  1]
 [ 1 -1 -1  1 -1 -1  1 -1 -1 -1]
 [-1  1  1 -1  1  1 -1  1  1  1]
 [-1  1  1 -1  1  1 -1  1  1  1]
 [-1  1  1 -1  1  1 -1  1  1  1]] [[-1 -1 -1  1 -1 -1 -1 -1 -1 -1]
 [-1  1 -1 -1  1 -1 -1 -1 -1 -1]
 [-1 -1 -1 -1 -1 -1 -1  1 -1 -1]
 [-1 -1 -1 -1 -1 -1 -1 -1 -1  1]
 [ 1 -1 -1 -1 -1 -1 -1 -1 -1 -1]
 [-1 -1 -1 -1 -1  1 -1 -1 -1 -1]
 [-1 -1 -1 -1 -1 -1  1 -1 -1 -1]
 [-1 -1  1 -1 -1 -1 -1 -1 -1 -1]
 [-1  1 -1 -1  1 -1 -1 -1 -1 -1]
 [-1 -1 -1 -1 -1 -1 -1 -1  1 -1]]
Org_data Accuracy: 0.3008
Test_data Accuracy: 0.3008
Epoch 40, loss 1.0146
Epoch 41, loss 0.9982
Epoch 42, loss 0.9982
Epoch 43, loss 0.9997
[[ 1 -1  1  1  1  1  1  1  1  1]
 [ 1 -1  1  1  1  1  1  1  1  1]
 [ 1 -1  1  1  1  1  1  1  1  1]
 [-1  1 -1 -1 -1 -1 -1 -1 -1 -1]
 [ 1 -1  1  1  1  1  1  1  1  1]
 [ 1 -1  1  1  1  1  1  1  1  1]
 [ 1 -1  1  1  1  1  1  1  1  1]
 [ 1 -1  1  1  1  1  1  1  1  1]
 [ 1 -1  1  1  1  1  1  1  1  1]
 [ 1 -1  1  1  1  1  1  1  1  1]] [[-1 -1 -1 -1 -1  1 -1 -1 -1 -1]
 [-1 -1 -1  1 -1 -1 -1 -1 -1  1]
 [-1 -1 -1  1 -1 -1 -1 -1 -1  1]
 [-1  1 -1 -1 -1 -1 -1 -1 -1 -1]
 [ 1 -1 -1 -1 -1 -1 -1 -1 -1 -1]
 [-1 -1  1 -1 -1 -1 -1 -1 -1 -1]
 [-1 -1 -1 -1  1 -1 -1 -1 -1 -1]
 [-1 -1 -1 -1 -1 -1 -1  1 -1 -1]
 [-1 -1 -1 -1 -1 -1 -1 -1  1 -1]
 [-1 -1 -1 -1 -1 -1  1 -1 -1 -1]]
Org_data Accuracy: 0.1954
Test_data Accuracy: 0.1954
Epoch 44, loss 1.0052
Epoch 45, loss 0.9983
Epoch 46, loss 0.9978
Epoch 47, loss 0.9987
[[ 1  1  1  1  1  1  1  1 -1  1]
 [ 1  1  1  1  1  1  1  1 -1  1]
 [ 1  1  1  1  1  1  1  1 -1  1]
 [-1 -1 -1 -1 -1 -1 -1 -1  1 -1]
 [ 1  1  1  1  1  1  1  1 -1  1]
 [ 1  1  1  1  1  1  1  1 -1  1]
 [ 1  1  1  1  1  1  1  1 -1  1]
 [ 1  1  1  1  1  1  1  1 -1  1]
 [ 1  1  1  1  1  1  1  1 -1  1]
 [ 1  1  1  1  1  1  1  1 -1  1]] [[ 1 -1 -1 -1 -1 -1 -1 -1 -1 -1]
 [-1 -1 -1 -1 -1 -1  1 -1 -1 -1]
 [-1 -1 -1 -1  1 -1 -1 -1 -1 -1]
 [-1 -1 -1 -1 -1 -1 -1 -1  1 -1]
 [-1 -1 -1 -1 -1 -1 -1  1 -1 -1]
 [-1 -1 -1 -1 -1  1 -1 -1 -1 -1]
 [-1  1 -1 -1 -1 -1 -1 -1 -1 -1]
 [-1 -1 -1 -1 -1 -1 -1 -1 -1  1]
 [-1 -1 -1  1 -1 -1 -1 -1 -1 -1]
 [-1 -1  1 -1 -1 -1 -1 -1 -1 -1]]
Org_data Accuracy: 0.2339
Test_data Accuracy: 0.2339
Epoch 48, loss 0.9974
Epoch 49, loss 0.9999
Epoch 50, loss 1.0000
Epoch 51, loss 0.9986
[[ 1  1  1  1  1 -1  1  1 -1  1]
 [ 1  1  1  1  1  1  1  1 -1  1]
 [-1  1 -1 -1 -1  1 -1 -1  1 -1]
 [ 1  1  1  1  1  1  1  1 -1  1]
 [ 1  1  1  1  1 -1  1  1 -1  1]
 [ 1  1  1  1  1  1  1  1 -1  1]
 [-1  1  1 -1 -1  1 -1  1  1  1]
 [ 1  1  1  1  1 -1  1  1 -1  1]
 [ 1  1  1  1  1  1  1  1  1  1]
 [ 1  1  1  1  1 -1  1  1 -1  1]] [[-1 -1 -1 -1  1 -1 -1 -1 -1 -1]
 [-1 -1 -1 -1 -1 -1 -1  1 -1 -1]
 [-1 -1 -1 -1 -1 -1 -1 -1  1 -1]
 [-1 -1 -1 -1 -1 -1 -1 -1 -1  1]
 [-1 -1 -1  1 -1 -1 -1 -1 -1 -1]
 [-1 -1  1 -1 -1 -1 -1 -1 -1 -1]
 [-1 -1 -1 -1 -1  1 -1 -1 -1 -1]
 [ 1 -1 -1 -1 -1 -1 -1 -1 -1 -1]
 [-1  1 -1 -1 -1 -1 -1 -1 -1 -1]
 [-1 -1 -1 -1 -1 -1  1 -1 -1 -1]]
Org_data Accuracy: 0.3176
Test_data Accuracy: 0.3176
Epoch 52, loss 0.9981
Epoch 53, loss 1.0005
Epoch 54, loss 0.9978
Epoch 55, loss 1.0150
[[1 1 1 1 1 1 1 1 1 1]
 [1 1 1 1 1 1 1 1 1 1]
 [1 1 1 1 1 1 1 1 1 1]
 [1 1 1 1 1 1 1 1 1 1]
 [1 1 1 1 1 1 1 1 1 1]
 [1 1 1 1 1 1 1 1 1 1]
 [1 1 1 1 1 1 1 1 1 1]
 [1 1 1 1 1 1 1 1 1 1]
 [1 1 1 1 1 1 1 1 1 1]
 [1 1 1 1 1 1 1 1 1 1]] [[ 1 -1 -1 -1 -1 -1 -1 -1 -1  1]
 [ 1 -1 -1 -1 -1 -1 -1 -1 -1  1]
 [-1 -1 -1 -1 -1 -1 -1  1 -1 -1]
 [-1  1 -1 -1 -1 -1 -1 -1 -1 -1]
 [-1 -1 -1 -1 -1  1 -1 -1 -1 -1]
 [-1 -1  1 -1 -1 -1 -1 -1 -1 -1]
 [-1 -1 -1  1  1 -1 -1 -1 -1 -1]
 [-1 -1 -1 -1 -1 -1 -1 -1  1 -1]
 [-1 -1 -1 -1 -1 -1  1 -1 -1 -1]
 [-1 -1 -1  1  1 -1 -1 -1 -1 -1]]
Org_data Accuracy: 0.2085
Test_data Accuracy: 0.2085
Epoch 56, loss 0.9970
Epoch 57, loss 0.9956
Epoch 58, loss 1.0584
Epoch 59, loss 0.9958
[[-1  1 -1 -1 -1 -1  1 -1 -1 -1]
 [-1 -1  1 -1  1  1 -1  1 -1  1]
 [ 1 -1  1  1 -1 -1 -1  1  1  1]
 [ 1 -1  1  1  1  1 -1  1  1  1]
 [ 1 -1  1  1  1  1 -1  1  1  1]
 [-1  1 -1 -1 -1 -1  1 -1 -1 -1]
 [ 1 -1  1  1  1  1 -1  1  1  1]
 [-1 -1  1  1  1  1 -1  1  1  1]
 [ 1 -1  1  1 -1  1 -1  1  1  1]
 [ 1 -1  1  1 -1  1 -1  1  1  1]] [[-1 -1 -1 -1 -1 -1  1 -1 -1 -1]
 [-1 -1 -1 -1  1 -1 -1 -1 -1 -1]
 [ 1 -1 -1 -1 -1 -1 -1 -1 -1 -1]
 [-1 -1 -1 -1 -1 -1 -1  1 -1 -1]
 [-1 -1  1 -1 -1 -1 -1 -1 -1 -1]
 [-1  1 -1 -1 -1 -1 -1 -1 -1 -1]
 [-1 -1 -1 -1 -1 -1 -1 -1 -1  1]
 [-1 -1 -1 -1 -1  1 -1 -1 -1 -1]
 [-1 -1 -1  1 -1 -1 -1 -1 -1 -1]
 [-1 -1 -1 -1 -1 -1 -1 -1  1 -1]]
Org_data Accuracy: 0.4835
Test_data Accuracy: 0.4835
Epoch 60, loss 0.9942
Epoch 61, loss 0.9932
Epoch 62, loss 0.9954
Epoch 63, loss 0.9925
[[-1 -1 -1 -1  1 -1 -1 -1 -1 -1]
 [ 1  1 -1  1 -1  1  1 -1  1  1]
 [ 1  1 -1  1 -1  1  1 -1  1  1]
 [ 1  1 -1  1 -1  1  1 -1  1  1]
 [ 1  1  1  1 -1  1  1  1  1  1]
 [ 1  1 -1  1 -1  1  1  1  1  1]
 [-1 -1  1 -1 -1 -1 -1  1 -1  1]
 [ 1  1 -1  1 -1  1  1 -1  1  1]
 [ 1  1 -1  1 -1  1  1 -1  1  1]
 [-1 -1  1 -1 -1 -1  1  1 -1  1]] [[-1 -1 -1 -1  1 -1 -1 -1 -1 -1]
 [ 1 -1 -1 -1 -1 -1 -1 -1 -1 -1]
 [-1  1 -1 -1 -1 -1 -1 -1 -1 -1]
 [-1 -1 -1 -1 -1  1 -1 -1 -1 -1]
 [-1 -1 -1 -1 -1 -1 -1 -1 -1  1]
 [-1 -1 -1 -1 -1 -1  1 -1 -1 -1]
 [-1 -1  1 -1 -1 -1 -1 -1 -1 -1]
 [-1 -1 -1 -1 -1 -1 -1 -1  1 -1]
 [-1 -1 -1  1 -1 -1 -1 -1 -1 -1]
 [-1 -1 -1 -1 -1 -1 -1  1 -1 -1]]
Org_data Accuracy: 0.4526
Test_data Accuracy: 0.4526
Epoch 64, loss 1.0062
Epoch 65, loss 0.9938
Epoch 66, loss 0.9919
Epoch 67, loss 0.9913
[[-1  1  1  1  1  1  1  1  1 -1]
 [ 1 -1 -1 -1 -1 -1 -1 -1 -1 -1]
 [-1  1  1  1  1  1  1  1  1 -1]
 [-1  1  1  1  1  1  1  1  1 -1]
 [-1  1  1  1  1  1  1  1  1 -1]
 [-1  1  1  1  1  1  1  1  1 -1]
 [-1  1  1  1  1  1  1  1  1  1]
 [-1  1  1  1  1  1  1  1  1 -1]
 [-1  1  1  1  1  1  1  1  1 -1]
 [-1 -1 -1 -1 -1 -1 -1  1 -1  1]] [[-1 -1 -1 -1  1 -1 -1 -1 -1 -1]
 [ 1 -1 -1 -1 -1 -1 -1 -1 -1 -1]
 [-1  1 -1 -1 -1 -1 -1 -1 -1 -1]
 [-1 -1  1 -1 -1 -1 -1 -1 -1 -1]
 [-1 -1 -1 -1 -1 -1  1 -1 -1 -1]
 [-1 -1 -1  1 -1  1 -1 -1 -1 -1]
 [-1 -1 -1 -1 -1 -1 -1  1 -1 -1]
 [-1 -1 -1  1 -1  1 -1 -1 -1 -1]
 [-1 -1 -1 -1 -1 -1 -1 -1  1 -1]
 [-1 -1 -1 -1 -1 -1 -1 -1 -1  1]]
Org_data Accuracy: 0.5337
Test_data Accuracy: 0.5337
Epoch 68, loss 0.9993
Epoch 69, loss 0.9928
Epoch 70, loss 0.9907
Epoch 71, loss 0.9905
[[-1 -1 -1 -1 -1  1 -1 -1 -1 -1]
 [ 1  1  1  1  1 -1  1  1  1  1]
 [ 1  1  1  1  1 -1  1  1  1  1]
 [ 1  1  1  1  1 -1  1  1  1  1]
 [ 1  1  1  1  1 -1  1  1  1  1]
 [ 1  1  1  1  1 -1  1  1  1  1]
 [ 1  1  1  1  1 -1  1  1  1  1]
 [ 1  1  1  1  1 -1  1  1  1  1]
 [ 1  1  1  1  1 -1  1  1  1  1]
 [ 1  1  1  1  1 -1  1  1  1  1]] [[-1 -1 -1 -1 -1  1 -1 -1 -1 -1]
 [-1 -1 -1  1 -1 -1 -1 -1 -1 -1]
 [-1 -1  1 -1 -1 -1 -1 -1 -1 -1]
 [-1  1 -1 -1 -1 -1 -1 -1 -1 -1]
 [-1 -1 -1 -1 -1 -1  1 -1 -1 -1]
 [-1 -1 -1 -1 -1 -1 -1  1 -1 -1]
 [ 1 -1 -1 -1 -1 -1 -1 -1 -1 -1]
 [-1 -1 -1 -1  1 -1 -1 -1 -1 -1]
 [-1 -1 -1 -1 -1 -1 -1 -1  1 -1]
 [-1 -1 -1 -1 -1 -1 -1 -1 -1  1]]
Org_data Accuracy: 0.4057
Test_data Accuracy: 0.4057
Epoch 72, loss 0.9898
Epoch 73, loss 0.9886
Epoch 74, loss 1.0276
Epoch 75, loss 0.9876
[[ 1 -1 -1 -1  1 -1 -1  1 -1 -1]
 [-1  1 -1  1 -1 -1  1 -1 -1 -1]
 [-1 -1  1 -1 -1  1  1 -1  1  1]
 [ 1 -1 -1 -1  1 -1 -1  1 -1 -1]
 [-1  1 -1  1 -1 -1  1 -1 -1 -1]
 [-1 -1  1 -1 -1  1  1 -1  1  1]
 [-1  1  1  1 -1  1  1 -1  1  1]
 [-1 -1  1 -1 -1  1  1 -1  1  1]
 [-1 -1  1 -1 -1  1  1 -1  1  1]
 [ 1 -1 -1 -1  1 -1 -1  1 -1 -1]] [[ 1 -1 -1 -1 -1 -1 -1 -1 -1 -1]
 [-1  1 -1 -1 -1 -1 -1 -1 -1 -1]
 [-1 -1  1 -1 -1 -1 -1 -1 -1 -1]
 [-1 -1 -1 -1 -1 -1 -1  1 -1 -1]
 [-1 -1 -1  1 -1 -1 -1 -1 -1 -1]
 [-1 -1 -1 -1 -1 -1 -1 -1  1 -1]
 [-1 -1 -1 -1 -1 -1  1 -1 -1 -1]
 [-1 -1 -1 -1 -1  1 -1 -1 -1 -1]
 [-1 -1 -1 -1 -1 -1 -1 -1 -1  1]
 [-1 -1 -1 -1  1 -1 -1 -1 -1 -1]]
Org_data Accuracy: 0.6207
Test_data Accuracy: 0.6207
Epoch 76, loss 0.9869
Epoch 77, loss 5699.5689
Epoch 78, loss 1.0014
Epoch 79, loss 0.9964
[[ 1 -1 -1  1 -1 -1  1 -1  1 -1]
 [-1  1  1  1  1  1 -1  1  1  1]
 [-1  1  1  1  1  1 -1  1  1  1]
 [-1  1  1  1  1  1 -1  1  1  1]
 [ 1 -1 -1 -1 -1 -1  1 -1  1 -1]
 [-1  1  1  1  1  1 -1  1  1  1]
 [ 1  1  1  1  1  1  1  1  1  1]
 [-1  1  1  1  1  1 -1  1  1  1]
 [-1  1  1  1  1  1 -1  1  1  1]
 [ 1  1  1  1  1  1 -1  1  1  1]] [[ 1 -1 -1 -1 -1 -1 -1 -1 -1 -1]
 [-1  1 -1 -1 -1 -1 -1 -1 -1 -1]
 [-1 -1 -1 -1 -1 -1 -1 -1 -1  1]
 [-1 -1 -1 -1  1 -1 -1 -1 -1 -1]
 [-1 -1 -1 -1 -1 -1  1 -1 -1 -1]
 [-1 -1  1 -1 -1 -1 -1 -1 -1 -1]
 [-1 -1 -1 -1 -1 -1 -1 -1  1 -1]
 [-1 -1 -1 -1 -1  1 -1 -1 -1 -1]
 [-1 -1 -1 -1 -1 -1 -1  1 -1 -1]
 [-1 -1 -1  1 -1 -1 -1 -1 -1 -1]]
Org_data Accuracy: 0.3350
Test_data Accuracy: 0.3350
Epoch 80, loss 0.9938
Epoch 81, loss 0.9906
Epoch 82, loss 0.9861
Epoch 83, loss 0.9881
[[-1  1 -1  1  1  1  1 -1  1 -1]
 [ 1 -1  1 -1 -1 -1 -1 -1 -1 -1]
 [-1  1 -1  1  1  1  1 -1  1  1]
 [-1  1 -1  1  1  1  1 -1  1 -1]
 [-1 -1 -1 -1 -1 -1 -1  1 -1 -1]
 [-1  1 -1  1  1  1  1 -1  1 -1]
 [-1  1 -1  1  1  1  1 -1  1 -1]
 [ 1 -1  1 -1 -1 -1 -1 -1 -1 -1]
 [-1 -1 -1 -1 -1  1 -1 -1 -1  1]
 [-1  1 -1  1  1  1  1 -1  1 -1]] [[-1 -1 -1 -1  1 -1 -1 -1 -1 -1]
 [ 1 -1 -1 -1 -1 -1 -1 -1 -1 -1]
 [-1 -1 -1 -1 -1  1 -1 -1 -1 -1]
 [-1 -1 -1 -1 -1 -1 -1 -1  1 -1]
 [-1 -1 -1 -1 -1 -1 -1  1 -1 -1]
 [-1 -1 -1  1 -1 -1 -1 -1 -1 -1]
 [-1  1 -1 -1 -1 -1 -1 -1 -1 -1]
 [-1 -1  1 -1 -1 -1 -1 -1 -1 -1]
 [-1 -1 -1 -1 -1 -1 -1 -1 -1  1]
 [-1 -1 -1 -1 -1 -1  1 -1 -1 -1]]
Org_data Accuracy: 0.5894
Test_data Accuracy: 0.5894
Epoch 84, loss 0.9856
Epoch 85, loss 0.9871
Epoch 86, loss 0.9842
Epoch 87, loss 0.9856
[[ 1  1  1 -1  1  1  1  1 -1  1]
 [-1  1 -1 -1  1 -1  1  1  1 -1]
 [ 1  1  1 -1  1  1  1  1 -1  1]
 [ 1  1  1 -1  1  1  1  1  1  1]
 [ 1  1  1 -1  1  1  1  1 -1  1]
 [ 1  1  1 -1  1  1  1  1 -1  1]
 [-1 -1 -1  1 -1 -1 -1 -1 -1 -1]
 [ 1  1  1 -1  1  1  1  1  1  1]
 [ 1  1  1 -1  1  1  1  1  1  1]
 [ 1  1  1 -1  1  1  1  1  1  1]] [[-1 -1 -1 -1 -1 -1 -1 -1 -1  1]
 [-1 -1 -1 -1 -1 -1 -1 -1  1 -1]
 [-1 -1 -1 -1 -1  1 -1 -1 -1 -1]
 [-1 -1 -1 -1 -1 -1  1 -1 -1 -1]
 [-1 -1  1 -1 -1 -1 -1 -1 -1 -1]
 [ 1 -1 -1 -1 -1 -1 -1 -1 -1 -1]
 [-1 -1 -1  1 -1 -1 -1 -1 -1 -1]
 [-1 -1 -1 -1 -1 -1 -1  1 -1 -1]
 [-1 -1 -1 -1  1 -1 -1 -1 -1 -1]
 [-1  1 -1 -1 -1 -1 -1 -1 -1 -1]]
Org_data Accuracy: 0.3329
Test_data Accuracy: 0.3329
Epoch 88, loss 1.0154
Epoch 89, loss 0.9921
Epoch 90, loss 0.9801
Epoch 91, loss 0.9767
[[ 1  1 -1  1  1  1  1  1 -1  1]
 [ 1  1 -1  1  1  1  1  1 -1  1]
 [ 1 -1  1 -1 -1 -1 -1 -1  1  1]
 [ 1 -1  1 -1 -1 -1 -1 -1  1  1]
 [ 1  1 -1  1  1  1  1  1 -1  1]
 [-1 -1 -1  1  1  1  1  1 -1 -1]
 [ 1  1  1  1  1  1  1 -1  1  1]
 [ 1  1 -1  1  1  1  1  1 -1  1]
 [ 1  1 -1  1  1  1  1 -1 -1  1]
 [ 1  1  1  1  1  1  1 -1  1  1]] [[-1 -1 -1  1 -1 -1 -1 -1 -1 -1]
 [-1 -1 -1 -1 -1 -1  1 -1 -1 -1]
 [-1 -1  1 -1 -1 -1 -1 -1 -1 -1]
 [-1 -1 -1 -1 -1 -1 -1 -1  1 -1]
 [-1 -1 -1 -1 -1  1 -1 -1 -1 -1]
 [-1 -1 -1 -1 -1 -1 -1  1 -1 -1]
 [-1 -1 -1 -1 -1 -1 -1 -1 -1  1]
 [-1 -1 -1 -1  1 -1 -1 -1 -1 -1]
 [-1  1 -1 -1 -1 -1 -1 -1 -1 -1]
 [ 1 -1 -1 -1 -1 -1 -1 -1 -1 -1]]
Org_data Accuracy: 0.4089
Test_data Accuracy: 0.4089
Epoch 92, loss 0.9720
Epoch 93, loss 1.7768
Epoch 94, loss 0.9901
Epoch 95, loss 0.9862
[[ 1 -1  1  1  1  1 -1  1  1  1]
 [ 1 -1  1  1  1  1 -1  1  1  1]
 [ 1 -1  1  1  1  1 -1  1  1  1]
 [ 1 -1  1  1  1  1 -1  1  1  1]
 [-1  1 -1 -1 -1 -1 -1 -1 -1 -1]
 [ 1 -1  1  1  1  1 -1  1  1  1]
 [ 1 -1  1  1  1  1 -1  1  1  1]
 [ 1 -1  1  1  1  1 -1  1  1  1]
 [-1 -1 -1 -1 -1 -1  1 -1 -1 -1]
 [ 1 -1  1  1  1  1 -1  1  1  1]] [[-1 -1 -1 -1  1 -1 -1  1 -1 -1]
 [-1 -1 -1 -1 -1 -1 -1 -1 -1  1]
 [-1 -1 -1 -1 -1 -1 -1 -1  1 -1]
 [-1 -1 -1 -1 -1  1 -1 -1 -1 -1]
 [-1  1 -1 -1 -1 -1 -1 -1 -1 -1]
 [-1 -1 -1  1 -1 -1 -1 -1 -1 -1]
 [-1 -1  1 -1 -1 -1 -1 -1 -1 -1]
 [-1 -1 -1 -1  1 -1 -1  1 -1 -1]
 [-1 -1 -1 -1 -1 -1  1 -1 -1 -1]
 [ 1 -1 -1 -1 -1 -1 -1 -1 -1 -1]]
Org_data Accuracy: 0.4899
Test_data Accuracy: 0.4899
Epoch 96, loss 0.9877
Epoch 97, loss 0.9839
Epoch 98, loss 0.9735
Epoch 99, loss 0.9656
[[-1 -1  1  1  1  1  1  1  1  1]
 [-1  1 -1 -1 -1  1 -1  1  1 -1]
 [-1 -1  1  1  1  1  1  1  1  1]
 [-1 -1  1  1  1  1  1  1  1  1]
 [-1 -1  1  1  1  1  1  1  1  1]
 [-1  1  1  1  1  1  1  1  1  1]
 [-1 -1  1  1  1  1  1  1  1  1]
 [-1  1  1  1  1  1  1  1  1  1]
 [ 1 -1 -1 -1 -1 -1 -1 -1 -1 -1]
 [-1  1  1  1  1  1  1  1  1  1]] [[-1 -1 -1 -1 -1 -1  1 -1 -1 -1]
 [-1  1 -1 -1 -1 -1 -1 -1 -1 -1]
 [-1 -1 -1 -1  1 -1 -1 -1 -1 -1]
 [-1 -1 -1 -1 -1 -1 -1 -1 -1  1]
 [-1 -1  1 -1 -1 -1 -1 -1 -1 -1]
 [-1 -1 -1 -1 -1  1 -1 -1 -1 -1]
 [-1 -1 -1  1 -1 -1 -1 -1 -1 -1]
 [-1 -1 -1 -1 -1 -1 -1  1 -1 -1]
 [ 1 -1 -1 -1 -1 -1 -1 -1 -1 -1]
 [-1 -1 -1 -1 -1 -1 -1 -1  1 -1]]
Org_data Accuracy: 0.3667
Test_data Accuracy: 0.3667
Epoch 100, loss 0.9630
Epoch 101, loss 3.4701
Epoch 102, loss 0.9650
Epoch 103, loss 0.9703
[[ 1  1  1 -1  1  1  1  1  1  1]
 [ 1  1  1 -1  1  1  1  1  1  1]
 [-1 -1 -1  1 -1 -1 -1 -1 -1 -1]
 [ 1 -1  1 -1  1  1  1  1  1  1]
 [ 1  1  1 -1  1 -1  1  1 -1  1]
 [ 1  1  1 -1  1  1  1  1  1  1]
 [ 1  1  1 -1  1  1  1  1  1  1]
 [ 1  1  1 -1  1  1  1  1  1  1]
 [ 1  1  1 -1  1  1  1  1  1  1]
 [ 1 -1  1 -1  1  1  1  1  1  1]] [[-1 -1 -1 -1 -1 -1 -1 -1 -1  1]
 [-1 -1 -1 -1 -1 -1  1 -1 -1 -1]
 [-1 -1 -1  1 -1 -1 -1 -1 -1 -1]
 [-1 -1 -1 -1 -1  1 -1 -1 -1 -1]
 [-1  1 -1 -1 -1 -1 -1 -1 -1 -1]
 [-1 -1 -1 -1  1 -1 -1 -1 -1 -1]
 [ 1 -1 -1 -1 -1 -1 -1 -1 -1 -1]
 [-1 -1  1 -1 -1 -1 -1 -1 -1 -1]
 [-1 -1 -1 -1 -1 -1 -1  1 -1 -1]
 [-1 -1 -1 -1 -1 -1 -1 -1  1 -1]]
Org_data Accuracy: 0.3963
Test_data Accuracy: 0.3963
Epoch 104, loss 0.9650
Epoch 105, loss 0.9643
Epoch 106, loss 0.9608
Epoch 107, loss 0.9612
[[ 1 -1  1  1  1  1  1  1  1 -1]
 [ 1 -1  1  1  1  1  1  1  1 -1]
 [ 1  1  1  1  1  1  1  1  1 -1]
 [ 1 -1  1  1  1  1  1  1  1 -1]
 [-1 -1 -1 -1 -1 -1 -1 -1 -1  1]
 [ 1  1  1  1  1  1  1  1  1 -1]
 [-1  1  1  1  1 -1  1 -1  1 -1]
 [ 1  1  1  1  1  1  1  1  1 -1]
 [ 1  1  1  1  1  1  1  1  1 -1]
 [ 1  1  1  1  1  1  1  1  1 -1]] [[-1 -1 -1 -1 -1 -1 -1  1 -1 -1]
 [ 1 -1 -1 -1 -1 -1 -1 -1 -1 -1]
 [-1 -1 -1 -1  1 -1 -1 -1 -1 -1]
 [-1 -1 -1 -1 -1  1 -1 -1 -1 -1]
 [-1 -1 -1 -1 -1 -1 -1 -1 -1  1]
 [-1 -1  1 -1 -1 -1 -1 -1 -1 -1]
 [-1  1 -1 -1 -1 -1 -1 -1 -1 -1]
 [-1 -1 -1 -1 -1 -1 -1 -1  1 -1]
 [-1 -1 -1  1 -1 -1 -1 -1 -1 -1]
 [-1 -1 -1 -1 -1 -1  1 -1 -1 -1]]
Org_data Accuracy: 0.4964
Test_data Accuracy: 0.4964
Epoch 108, loss 0.9583
Epoch 109, loss 0.9569
Epoch 110, loss 0.9547
Epoch 111, loss 0.9545
[[ 1 -1  1 -1  1 -1 -1  1 -1 -1]
 [-1  1 -1 -1 -1  1  1  1  1  1]
 [-1  1 -1  1 -1  1 -1 -1 -1 -1]
 [-1  1 -1 -1 -1  1  1  1  1  1]
 [-1  1 -1  1 -1  1  1  1  1  1]
 [ 1 -1  1 -1  1 -1 -1 -1 -1 -1]
 [-1  1 -1  1 -1  1  1  1  1  1]
 [ 1 -1  1 -1  1 -1 -1 -1 -1 -1]
 [-1  1 -1 -1 -1  1  1  1  1  1]
 [-1  1 -1 -1  1  1  1  1  1  1]] [[-1 -1 -1 -1  1 -1 -1 -1 -1 -1]
 [-1 -1 -1 -1 -1 -1  1 -1 -1 -1]
 [-1 -1 -1  1 -1 -1 -1 -1 -1 -1]
 [-1 -1 -1 -1 -1 -1 -1 -1 -1  1]
 [-1  1 -1 -1 -1 -1 -1 -1 -1 -1]
 [ 1 -1 -1 -1 -1 -1 -1 -1 -1 -1]
 [-1 -1 -1 -1 -1  1 -1 -1 -1 -1]
 [-1 -1  1 -1 -1 -1 -1 -1 -1 -1]
 [-1 -1 -1 -1 -1 -1 -1 -1  1 -1]
 [-1 -1 -1 -1 -1 -1 -1  1 -1 -1]]
Org_data Accuracy: 0.4586
Test_data Accuracy: 0.4586
Epoch 112, loss 0.9525
Epoch 113, loss 0.9564
Epoch 114, loss 0.9534
Epoch 115, loss 0.9491
[[ 1  1  1  1 -1  1  1  1  1  1]
 [ 1 -1  1  1 -1  1  1  1  1  1]
 [ 1  1  1  1 -1  1 -1  1  1  1]
 [-1 -1  1  1 -1  1  1  1  1 -1]
 [ 1  1  1  1 -1 -1 -1  1  1  1]
 [ 1  1  1  1 -1  1  1  1  1  1]
 [ 1  1  1  1 -1  1  1  1  1  1]
 [-1 -1 -1 -1  1 -1 -1 -1 -1 -1]
 [ 1  1  1  1 -1  1 -1  1  1  1]
 [ 1  1  1  1 -1  1  1  1  1  1]] [[-1 -1 -1 -1 -1 -1 -1  1 -1 -1]
 [-1 -1 -1 -1 -1  1 -1 -1 -1 -1]
 [-1 -1 -1 -1 -1 -1 -1 -1 -1  1]
 [-1 -1 -1 -1 -1 -1  1 -1 -1 -1]
 [-1  1 -1 -1 -1 -1 -1 -1 -1 -1]
 [-1 -1  1 -1 -1 -1 -1 -1 -1 -1]
 [-1 -1 -1 -1 -1 -1 -1 -1  1 -1]
 [-1 -1 -1 -1  1 -1 -1 -1 -1 -1]
 [ 1 -1 -1 -1 -1 -1 -1 -1 -1 -1]
 [-1 -1 -1  1 -1 -1 -1 -1 -1 -1]]
Org_data Accuracy: 0.4503
Test_data Accuracy: 0.4503
Epoch 116, loss 0.9467
Epoch 117, loss 0.9442
Epoch 118, loss 0.9428
Epoch 119, loss 0.9669
[[ 1 -1  1  1  1  1  1  1  1  1]
 [ 1 -1  1  1  1 -1  1  1  1  1]
 [ 1 -1  1  1  1  1  1  1  1  1]
 [ 1 -1  1  1  1 -1  1  1  1  1]
 [ 1 -1  1  1  1  1  1  1  1  1]
 [ 1 -1  1  1  1  1  1 -1 -1 -1]
 [ 1 -1  1  1  1  1  1  1  1 -1]
 [ 1 -1  1 -1  1 -1  1  1  1  1]
 [ 1 -1  1  1  1  1  1  1  1  1]
 [-1  1 -1 -1 -1 -1 -1 -1 -1 -1]] [[-1 -1 -1 -1  1 -1 -1 -1 -1 -1]
 [-1 -1 -1 -1 -1 -1 -1  1 -1 -1]
 [-1 -1  1 -1 -1 -1 -1 -1 -1 -1]
 [-1 -1 -1 -1 -1 -1 -1 -1  1 -1]
 [ 1 -1 -1 -1 -1 -1 -1 -1 -1 -1]
 [-1 -1 -1 -1 -1  1 -1 -1 -1 -1]
 [-1 -1 -1  1 -1 -1 -1 -1 -1 -1]
 [-1 -1 -1 -1 -1 -1 -1 -1 -1  1]
 [-1 -1 -1 -1 -1 -1  1 -1 -1 -1]
 [-1  1 -1 -1 -1 -1 -1 -1 -1 -1]]
Org_data Accuracy: 0.4557
Test_data Accuracy: 0.4557
Epoch 120, loss 0.9435
Epoch 121, loss 0.9402
Epoch 122, loss 0.9419
Epoch 123, loss 0.9655
[[ 1 -1 -1 -1 -1 -1  1 -1 -1  1]
 [-1  1  1 -1  1 -1 -1  1 -1 -1]
 [ 1 -1 -1 -1 -1 -1  1 -1  1  1]
 [ 1 -1 -1  1 -1  1 -1  1  1 -1]
 [-1  1  1 -1  1 -1 -1 -1 -1 -1]
 [-1 -1 -1  1 -1  1  1  1  1 -1]
 [-1  1  1  1 -1  1 -1  1  1 -1]
 [ 1 -1 -1  1 -1 -1  1 -1 -1  1]
 [-1 -1 -1  1 -1  1 -1  1  1 -1]
 [-1  1  1 -1  1 -1 -1  1 -1 -1]] [[-1 -1 -1 -1 -1 -1 -1 -1 -1  1]
 [-1  1 -1 -1 -1 -1 -1 -1 -1 -1]
 [-1 -1 -1 -1 -1 -1  1 -1 -1 -1]
 [-1 -1 -1  1 -1 -1 -1 -1 -1 -1]
 [-1 -1 -1 -1  1 -1 -1 -1 -1 -1]
 [-1 -1 -1 -1 -1 -1 -1 -1  1 -1]
 [-1 -1 -1 -1 -1 -1 -1  1 -1 -1]
 [ 1 -1 -1 -1 -1 -1 -1 -1 -1 -1]
 [-1 -1 -1 -1 -1  1 -1 -1 -1 -1]
 [-1 -1  1 -1 -1 -1 -1 -1 -1 -1]]
Org_data Accuracy: 0.4392
Test_data Accuracy: 0.4392
Epoch 124, loss 0.9781
Epoch 125, loss 0.9547
Epoch 126, loss 0.9519
Epoch 127, loss 0.9526
[[-1  1  1 -1  1  1 -1  1  1 -1]
 [ 1  1  1  1  1  1  1  1  1 -1]
 [ 1  1  1  1  1  1 -1  1  1 -1]
 [ 1  1 -1  1 -1  1 -1  1  1 -1]
 [ 1  1 -1  1 -1  1  1  1  1 -1]
 [ 1  1  1  1  1  1 -1  1  1 -1]
 [ 1 -1 -1 -1 -1 -1  1  1 -1  1]
 [-1 -1 -1 -1 -1 -1  1 -1 -1  1]
 [ 1  1  1  1  1  1 -1  1  1 -1]
 [-1  1  1 -1  1  1 -1  1  1 -1]] [[-1 -1 -1 -1  1 -1 -1 -1 -1 -1]
 [-1 -1 -1 -1 -1 -1 -1  1 -1 -1]
 [-1  1 -1 -1 -1 -1 -1 -1 -1 -1]
 [-1 -1 -1  1 -1 -1 -1 -1 -1 -1]
 [ 1 -1 -1 -1 -1 -1 -1 -1 -1 -1]
 [-1 -1 -1 -1 -1 -1 -1 -1  1 -1]
 [-1 -1 -1 -1 -1 -1  1 -1 -1 -1]
 [-1 -1 -1 -1 -1 -1 -1 -1 -1  1]
 [-1 -1 -1 -1 -1  1 -1 -1 -1 -1]
 [-1 -1  1 -1 -1 -1 -1 -1 -1 -1]]
Org_data Accuracy: 0.4720
Test_data Accuracy: 0.4720
Epoch 128, loss 0.9469
Epoch 129, loss 0.9441
Epoch 130, loss 0.9413
Epoch 131, loss 0.9394
[[-1 -1  1  1 -1 -1  1  1 -1  1]
 [-1 -1 -1  1 -1  1  1 -1 -1 -1]
 [ 1  1  1 -1  1 -1 -1  1 -1  1]
 [ 1 -1  1 -1  1 -1 -1  1  1  1]
 [-1 -1 -1 -1 -1  1  1 -1 -1 -1]
 [ 1  1  1 -1  1 -1 -1  1  1  1]
 [ 1  1  1  1  1 -1 -1  1  1  1]
 [ 1  1  1  1  1 -1 -1  1  1  1]
 [ 1  1  1 -1  1 -1 -1  1  1  1]
 [ 1  1  1  1  1 -1 -1  1  1  1]] [[-1 -1 -1  1 -1 -1 -1 -1 -1 -1]
 [-1 -1 -1 -1 -1 -1  1 -1 -1 -1]
 [-1  1 -1 -1 -1 -1 -1 -1 -1 -1]
 [-1 -1 -1 -1 -1 -1 -1 -1  1 -1]
 [-1 -1 -1 -1 -1  1 -1 -1 -1 -1]
 [ 1 -1 -1 -1 -1 -1 -1 -1 -1 -1]
 [-1 -1 -1 -1 -1 -1 -1  1 -1 -1]
 [-1 -1  1 -1 -1 -1 -1 -1 -1 -1]
 [-1 -1 -1 -1  1 -1 -1 -1 -1 -1]
 [-1 -1 -1 -1 -1 -1 -1 -1 -1  1]]
Org_data Accuracy: 0.4704
Test_data Accuracy: 0.4704
Epoch 132, loss 0.9395
Epoch 133, loss 316.7912
Epoch 134, loss 0.9808
Epoch 135, loss 0.9468
[[-1  1  1  1  1  1  1  1  1  1]
 [-1  1  1 -1  1 -1  1 -1 -1  1]
 [-1  1  1 -1  1 -1  1 -1 -1  1]
 [-1  1  1  1 -1  1 -1  1  1  1]
 [-1  1  1  1 -1  1 -1  1  1  1]
 [-1  1  1  1 -1  1 -1  1  1  1]
 [ 1 -1 -1 -1 -1 -1 -1 -1 -1 -1]
 [-1  1  1  1 -1  1 -1  1  1  1]
 [-1  1  1  1  1  1  1  1  1  1]
 [-1  1  1  1  1  1  1  1  1  1]] [[-1 -1  1 -1 -1 -1 -1 -1 -1 -1]
 [-1 -1 -1 -1 -1 -1  1 -1 -1 -1]
 [-1 -1 -1 -1  1 -1 -1 -1 -1 -1]
 [-1 -1 -1 -1 -1 -1 -1 -1  1 -1]
 [-1 -1 -1  1 -1 -1 -1 -1 -1 -1]
 [-1 -1 -1 -1 -1 -1 -1  1 -1 -1]
 [ 1 -1 -1 -1 -1 -1 -1 -1 -1 -1]
 [-1 -1 -1 -1 -1  1 -1 -1 -1 -1]
 [-1  1 -1 -1 -1 -1 -1 -1 -1 -1]
 [-1 -1 -1 -1 -1 -1 -1 -1 -1  1]]
Org_data Accuracy: 0.5631
Test_data Accuracy: 0.5631
Epoch 136, loss 0.9416
Epoch 137, loss 0.9406
Epoch 138, loss 0.9438
Epoch 139, loss 0.9389
[[-1 -1 -1 -1  1 -1 -1  1 -1 -1]
 [ 1  1  1  1 -1  1  1 -1  1  1]
 [ 1  1 -1  1 -1 -1  1 -1 -1  1]
 [-1  1  1  1 -1  1 -1 -1  1 -1]
 [-1  1  1  1 -1  1 -1 -1  1 -1]
 [-1  1  1  1 -1  1 -1 -1  1 -1]
 [-1  1  1  1 -1  1  1 -1  1 -1]
 [ 1 -1 -1  1 -1 -1  1 -1 -1  1]
 [ 1 -1 -1  1 -1 -1  1 -1 -1  1]
 [-1 -1 -1 -1  1 -1 -1  1 -1 -1]] [[-1 -1 -1 -1 -1 -1 -1  1 -1 -1]
 [-1 -1 -1  1 -1 -1 -1 -1 -1 -1]
 [-1 -1 -1 -1 -1 -1  1 -1 -1 -1]
 [-1 -1 -1 -1 -1  1 -1 -1 -1 -1]
 [-1 -1  1 -1 -1 -1 -1 -1 -1 -1]
 [-1 -1 -1 -1 -1 -1 -1 -1  1 -1]
 [-1  1 -1 -1 -1 -1 -1 -1 -1 -1]
 [-1 -1 -1 -1 -1 -1 -1 -1 -1  1]
 [ 1 -1 -1 -1 -1 -1 -1 -1 -1 -1]
 [-1 -1 -1 -1  1 -1 -1 -1 -1 -1]]
Org_data Accuracy: 0.5459
Test_data Accuracy: 0.5459
Epoch 140, loss 0.9369
Epoch 141, loss 0.9370
Epoch 142, loss 0.9379
Epoch 143, loss 0.9363
[[-1 -1  1  1 -1 -1  1  1 -1 -1]
 [ 1 -1 -1  1  1  1 -1 -1  1 -1]
 [-1 -1  1 -1 -1 -1  1  1 -1 -1]
 [-1  1 -1 -1 -1 -1 -1 -1 -1  1]
 [-1  1  1 -1 -1 -1  1  1 -1 -1]
 [ 1 -1 -1  1  1  1 -1 -1  1 -1]
 [ 1 -1 -1  1  1  1 -1 -1  1 -1]
 [ 1 -1 -1  1  1  1  1 -1  1 -1]
 [-1  1 -1 -1 -1 -1 -1  1 -1  1]
 [ 1 -1 -1  1  1  1 -1 -1  1 -1]] [[-1 -1 -1 -1 -1 -1  1 -1 -1 -1]
 [ 1 -1 -1 -1 -1 -1 -1 -1 -1 -1]
 [-1 -1  1 -1 -1 -1 -1 -1 -1 -1]
 [-1 -1 -1 -1 -1 -1 -1 -1 -1  1]
 [-1 -1 -1 -1 -1 -1 -1  1 -1 -1]
 [-1 -1 -1 -1 -1  1 -1 -1 -1 -1]
 [-1 -1 -1 -1  1 -1 -1 -1 -1 -1]
 [-1 -1 -1  1 -1 -1 -1 -1 -1 -1]
 [-1  1 -1 -1 -1 -1 -1 -1 -1 -1]
 [-1 -1 -1 -1 -1 -1 -1 -1  1 -1]]
Org_data Accuracy: 0.5729
Test_data Accuracy: 0.5729
Epoch 144, loss 0.9331
Epoch 145, loss 1.0275
Epoch 146, loss 0.9367
Epoch 147, loss 0.9341
[[-1  1  1  1 -1 -1  1  1 -1 -1]
 [-1  1  1  1 -1 -1  1  1 -1 -1]
 [-1  1  1  1 -1 -1  1  1  1 -1]
 [ 1 -1 -1 -1 -1  1 -1 -1 -1  1]
 [-1  1  1  1 -1 -1  1  1  1 -1]
 [ 1 -1 -1 -1 -1  1 -1 -1 -1  1]
 [-1 -1 -1 -1  1 -1 -1 -1  1 -1]
 [ 1 -1 -1 -1 -1  1  1 -1 -1  1]
 [-1 -1 -1  1  1 -1 -1  1  1 -1]
 [ 1  1  1  1 -1 -1  1  1 -1 -1]] [[-1  1 -1 -1 -1 -1 -1 -1 -1 -1]
 [-1 -1  1 -1 -1 -1 -1 -1 -1 -1]
 [-1 -1 -1  1 -1 -1 -1  1 -1 -1]
 [-1 -1 -1 -1 -1  1 -1 -1 -1 -1]
 [-1 -1 -1  1 -1 -1 -1  1 -1 -1]
 [-1 -1 -1 -1 -1 -1 -1 -1 -1  1]
 [-1 -1 -1 -1  1 -1 -1 -1 -1 -1]
 [ 1 -1 -1 -1 -1 -1 -1 -1 -1 -1]
 [-1 -1 -1 -1 -1 -1 -1 -1  1 -1]
 [-1 -1 -1 -1 -1 -1  1 -1 -1 -1]]
Org_data Accuracy: 0.6059
Test_data Accuracy: 0.6059
Epoch 148, loss 0.9339
Epoch 149, loss 0.9304
Epoch 150, loss 0.9309
Epoch 151, loss 0.9503
[[ 1  1  1  1 -1  1  1  1 -1  1]
 [ 1  1  1  1 -1 -1  1  1 -1  1]
 [ 1  1  1  1 -1  1  1  1 -1  1]
 [-1 -1 -1 -1  1 -1 -1 -1  1 -1]
 [-1 -1 -1 -1  1 -1 -1 -1  1 -1]
 [ 1  1  1  1 -1  1  1  1 -1  1]
 [ 1  1  1  1 -1  1  1  1 -1  1]
 [ 1  1  1  1 -1  1  1  1 -1  1]
 [ 1  1  1  1 -1  1  1  1 -1  1]
 [ 1 -1  1  1 -1  1  1  1 -1  1]] [[-1 -1 -1  1 -1 -1 -1 -1 -1 -1]
 [-1  1 -1 -1 -1 -1 -1 -1 -1 -1]
 [-1 -1 -1 -1 -1 -1 -1  1 -1 -1]
 [-1 -1 -1 -1 -1 -1 -1 -1  1 -1]
 [-1 -1 -1 -1  1 -1 -1 -1 -1 -1]
 [-1 -1 -1 -1 -1 -1 -1 -1 -1  1]
 [-1 -1 -1 -1 -1 -1  1 -1 -1 -1]
 [ 1 -1 -1 -1 -1 -1 -1 -1 -1 -1]
 [-1 -1  1 -1 -1 -1 -1 -1 -1 -1]
 [-1 -1 -1 -1 -1  1 -1 -1 -1 -1]]
Org_data Accuracy: 0.4046
Test_data Accuracy: 0.4046
Epoch 152, loss 0.9292
Epoch 153, loss 0.9278
Epoch 154, loss 0.9260
Epoch 155, loss 0.9240
[[ 1  1 -1 -1  1  1  1 -1 -1  1]
 [-1 -1 -1  1 -1 -1 -1  1  1 -1]
 [ 1  1 -1 -1  1  1  1 -1 -1  1]
 [ 1  1 -1 -1  1  1  1 -1 -1  1]
 [-1 -1  1  1 -1 -1 -1 -1  1 -1]
 [ 1  1 -1 -1  1  1  1 -1 -1  1]
 [-1 -1  1  1 -1 -1 -1  1  1 -1]
 [-1 -1  1  1 -1 -1 -1  1  1 -1]
 [ 1  1 -1 -1  1  1  1 -1 -1  1]
 [ 1  1 -1 -1  1  1  1 -1 -1  1]] [[-1 -1 -1 -1 -1 -1  1 -1 -1 -1]
 [-1 -1 -1 -1 -1 -1 -1  1 -1 -1]
 [-1  1 -1 -1 -1 -1 -1 -1 -1 -1]
 [-1 -1 -1 -1  1 -1 -1 -1 -1 -1]
 [-1 -1  1 -1 -1 -1 -1 -1 -1 -1]
 [-1 -1 -1 -1 -1  1 -1 -1 -1 -1]
 [-1 -1 -1  1 -1 -1 -1 -1 -1 -1]
 [-1 -1 -1 -1 -1 -1 -1 -1  1 -1]
 [ 1 -1 -1 -1 -1 -1 -1 -1 -1 -1]
 [-1 -1 -1 -1 -1 -1 -1 -1 -1  1]]
Org_data Accuracy: 0.6036
Test_data Accuracy: 0.6036
Epoch 156, loss 0.9258
Epoch 157, loss 0.9261
Epoch 158, loss 0.9407
Epoch 159, loss 0.9235
[[-1 -1  1 -1 -1  1  1 -1  1  1]
 [ 1 -1 -1  1  1  1 -1  1  1  1]
 [-1  1 -1 -1 -1 -1 -1 -1 -1 -1]
 [ 1 -1  1  1  1  1  1  1  1  1]
 [ 1 -1 -1  1  1  1 -1  1  1  1]
 [ 1 -1  1  1  1  1  1  1  1  1]
 [-1 -1  1 -1 -1  1  1 -1  1  1]
 [ 1 -1  1  1  1  1  1  1  1  1]
 [ 1 -1 -1  1  1  1 -1  1  1  1]
 [ 1 -1 -1  1  1  1 -1  1  1  1]] [[-1 -1 -1 -1 -1 -1  1 -1 -1 -1]
 [-1 -1 -1  1 -1 -1 -1 -1 -1 -1]
 [-1  1 -1 -1 -1 -1 -1 -1 -1 -1]
 [-1 -1 -1 -1 -1 -1 -1 -1  1 -1]
 [ 1 -1 -1 -1 -1 -1 -1 -1 -1 -1]
 [-1 -1 -1 -1 -1  1 -1 -1 -1 -1]
 [-1 -1  1 -1 -1 -1 -1 -1 -1 -1]
 [-1 -1 -1 -1 -1 -1 -1 -1 -1  1]
 [-1 -1 -1 -1  1 -1 -1 -1 -1 -1]
 [-1 -1 -1 -1 -1 -1 -1  1 -1 -1]]
Org_data Accuracy: 0.5731
Test_data Accuracy: 0.5731
Epoch 160, loss 0.9224
Epoch 161, loss 81.4343
Epoch 162, loss 1.0781
Epoch 163, loss 1.3354
[[ 1  1  1  1  1 -1  1  1  1  1]
 [ 1  1  1  1  1 -1  1  1  1  1]
 [-1 -1 -1 -1 -1  1  1 -1 -1 -1]
 [ 1  1  1  1  1 -1  1  1  1  1]
 [ 1  1  1  1  1 -1  1  1  1  1]
 [ 1  1  1  1  1 -1  1  1  1  1]
 [ 1  1  1  1  1  1  1  1  1  1]
 [ 1  1  1  1  1 -1  1  1  1  1]
 [ 1  1  1  1  1 -1  1  1  1  1]
 [ 1  1  1  1  1 -1  1  1  1  1]] [[-1 -1 -1 -1  1 -1 -1 -1 -1 -1]
 [-1 -1  1  1 -1 -1 -1 -1 -1 -1]
 [-1 -1 -1 -1 -1  1 -1 -1 -1 -1]
 [-1 -1 -1 -1 -1 -1 -1  1  1 -1]
 [-1 -1 -1 -1 -1 -1 -1  1  1 -1]
 [ 1  1 -1 -1 -1 -1 -1 -1 -1 -1]
 [-1 -1 -1 -1 -1 -1  1 -1 -1 -1]
 [-1 -1 -1 -1 -1 -1 -1 -1 -1  1]
 [ 1  1 -1 -1 -1 -1 -1 -1 -1 -1]
 [-1 -1  1  1 -1 -1 -1 -1 -1 -1]]
Org_data Accuracy: 0.2161
Test_data Accuracy: 0.2161
Epoch 164, loss 0.9972
Epoch 165, loss 0.9946
Epoch 166, loss 0.9774
Epoch 167, loss 0.9720
[[ 1 -1 -1 -1  1  1  1  1  1 -1]
 [ 1  1  1 -1 -1 -1 -1  1 -1 -1]
 [ 1 -1 -1  1  1  1 -1 -1  1 -1]
 [ 1  1  1  1  1  1 -1  1  1 -1]
 [ 1 -1 -1 -1  1  1  1  1  1 -1]
 [-1 -1 -1 -1  1  1  1  1 -1  1]
 [-1 -1 -1 -1 -1 -1  1  1 -1  1]
 [ 1  1  1 -1 -1 -1 -1  1 -1 -1]
 [ 1  1  1 -1  1  1  1  1 -1  1]
 [ 1 -1 -1  1 -1 -1 -1 -1  1 -1]] [[-1 -1 -1 -1 -1  1 -1 -1 -1 -1]
 [-1 -1  1 -1 -1 -1 -1 -1 -1 -1]
 [-1 -1 -1 -1 -1 -1 -1 -1  1 -1]
 [ 1 -1 -1 -1 -1 -1 -1 -1 -1 -1]
 [-1 -1 -1 -1  1 -1 -1 -1 -1 -1]
 [-1 -1 -1 -1 -1 -1  1 -1 -1 -1]
 [-1 -1 -1 -1 -1 -1 -1 -1 -1  1]
 [-1  1 -1 -1 -1 -1 -1 -1 -1 -1]
 [-1 -1 -1 -1 -1 -1 -1  1 -1 -1]
 [-1 -1 -1  1 -1 -1 -1 -1 -1 -1]]
Org_data Accuracy: 0.5351
Test_data Accuracy: 0.5351
Epoch 168, loss 0.9543
Epoch 169, loss 0.9326
Epoch 170, loss 0.9232
Epoch 171, loss 0.9254
[[ 1 -1 -1 -1  1 -1  1  1  1  1]
 [ 1 -1 -1 -1  1 -1  1  1  1  1]
 [-1  1  1  1 -1  1 -1 -1 -1 -1]
 [-1  1  1  1 -1  1 -1 -1 -1 -1]
 [-1 -1 -1 -1  1 -1  1  1  1  1]
 [ 1 -1 -1 -1  1 -1  1  1 -1 -1]
 [ 1 -1 -1 -1  1 -1  1  1  1  1]
 [-1  1  1  1 -1  1 -1 -1 -1 -1]
 [-1  1  1  1 -1  1 -1 -1 -1 -1]
 [-1 -1 -1 -1  1 -1  1  1  1  1]] [[-1 -1 -1 -1  1 -1 -1 -1 -1 -1]
 [-1 -1 -1 -1 -1 -1 -1  1 -1 -1]
 [-1 -1  1 -1 -1  1 -1 -1 -1 -1]
 [-1 -1 -1  1 -1 -1 -1 -1 -1 -1]
 [-1 -1 -1 -1 -1 -1 -1 -1  1 -1]
 [ 1 -1 -1 -1 -1 -1 -1 -1 -1 -1]
 [-1 -1 -1 -1 -1 -1  1 -1 -1 -1]
 [-1 -1  1 -1 -1  1 -1 -1 -1 -1]
 [-1  1 -1 -1 -1 -1 -1 -1 -1 -1]
 [-1 -1 -1 -1 -1 -1 -1 -1 -1  1]]
Org_data Accuracy: 0.5602
Test_data Accuracy: 0.5602
Epoch 172, loss 0.9218
Epoch 173, loss 0.9405
Epoch 174, loss 0.9187
Epoch 175, loss 0.9219
[[ 1 -1 -1  1  1 -1 -1 -1  1 -1]
 [-1  1 -1 -1  1  1 -1 -1  1  1]
 [ 1 -1 -1  1  1 -1 -1 -1  1 -1]
 [ 1  1 -1  1  1  1 -1 -1  1  1]
 [-1  1  1 -1 -1 -1 -1 -1 -1 -1]
 [-1  1 -1 -1  1  1  1  1  1  1]
 [ 1  1 -1  1  1  1  1  1  1  1]
 [-1  1  1 -1  1  1  1  1  1  1]
 [-1  1 -1 -1  1  1  1  1 -1 -1]
 [-1  1 -1 -1  1  1  1  1 -1 -1]] [[-1 -1 -1  1 -1 -1 -1 -1 -1 -1]
 [-1 -1 -1 -1 -1 -1 -1 -1 -1  1]
 [ 1 -1 -1 -1 -1 -1 -1 -1 -1 -1]
 [-1 -1 -1 -1 -1 -1 -1 -1  1 -1]
 [-1 -1  1 -1 -1 -1 -1 -1 -1 -1]
 [-1 -1 -1 -1 -1  1 -1 -1 -1 -1]
 [-1 -1 -1 -1  1 -1 -1 -1 -1 -1]
 [-1  1 -1 -1 -1 -1 -1 -1 -1 -1]
 [-1 -1 -1 -1 -1 -1  1 -1 -1 -1]
 [-1 -1 -1 -1 -1 -1 -1  1 -1 -1]]
Org_data Accuracy: 0.4183
Test_data Accuracy: 0.4183
Epoch 176, loss 0.9219
Epoch 177, loss 0.9197
Epoch 178, loss 0.9223
Epoch 179, loss 2.7809
[[-1 -1 -1 -1  1 -1 -1 -1  1 -1]
 [ 1 -1  1  1  1  1 -1  1 -1 -1]
 [-1 -1 -1 -1  1  1 -1  1 -1 -1]
 [ 1  1  1  1 -1 -1  1  1 -1  1]
 [ 1 -1  1  1  1 -1 -1  1 -1 -1]
 [-1  1  1  1 -1 -1  1 -1 -1  1]
 [-1  1  1  1 -1 -1  1 -1 -1  1]
 [ 1 -1 -1 -1  1  1 -1  1  1 -1]
 [ 1  1  1  1 -1 -1  1  1 -1  1]
 [-1  1  1  1 -1 -1  1 -1 -1  1]] [[-1 -1 -1 -1 -1 -1 -1 -1  1 -1]
 [-1 -1 -1 -1 -1 -1 -1  1 -1 -1]
 [-1 -1 -1 -1 -1  1 -1 -1 -1 -1]
 [-1 -1  1 -1 -1 -1 -1 -1 -1 -1]
 [ 1 -1 -1 -1 -1 -1 -1 -1 -1 -1]
 [-1  1 -1 -1 -1 -1 -1 -1 -1 -1]
 [-1 -1 -1 -1 -1 -1  1 -1 -1 -1]
 [-1 -1 -1 -1  1 -1 -1 -1 -1 -1]
 [-1 -1 -1  1 -1 -1 -1 -1 -1 -1]
 [-1 -1 -1 -1 -1 -1 -1 -1 -1  1]]
Org_data Accuracy: 0.5089
Test_data Accuracy: 0.5089
Epoch 180, loss 0.9594
Epoch 181, loss 0.9551
Epoch 182, loss 0.9359
Epoch 183, loss 0.9253
[[ 1 -1 -1  1 -1  1 -1 -1  1  1]
 [-1  1  1 -1  1 -1  1  1 -1 -1]
 [-1  1  1 -1  1 -1  1  1 -1 -1]
 [-1  1  1 -1  1 -1  1  1 -1 -1]
 [ 1 -1 -1  1 -1  1 -1 -1  1  1]
 [ 1 -1 -1  1 -1  1 -1 -1  1  1]
 [-1  1  1 -1  1 -1  1  1 -1 -1]
 [ 1 -1 -1  1 -1  1 -1 -1  1  1]
 [ 1 -1 -1  1 -1  1 -1 -1  1  1]
 [-1  1  1 -1  1 -1  1  1 -1 -1]] [[ 1 -1 -1 -1 -1 -1 -1 -1 -1 -1]
 [-1  1 -1 -1 -1 -1 -1 -1 -1 -1]
 [-1 -1  1 -1 -1 -1 -1 -1 -1 -1]
 [-1 -1 -1 -1 -1 -1 -1  1 -1 -1]
 [-1 -1 -1  1 -1 -1 -1 -1 -1 -1]
 [-1 -1 -1 -1 -1 -1 -1 -1  1 -1]
 [-1 -1 -1 -1 -1 -1  1 -1 -1 -1]
 [-1 -1 -1 -1 -1  1 -1 -1 -1 -1]
 [-1 -1 -1 -1 -1 -1 -1 -1 -1  1]
 [-1 -1 -1 -1  1 -1 -1 -1 -1 -1]]
Org_data Accuracy: 0.5891
Test_data Accuracy: 0.5891
Epoch 184, loss 0.9181
Epoch 185, loss 0.9166
Epoch 186, loss 0.9179
Epoch 187, loss 0.9203
[[ 1 -1  1  1 -1 -1  1 -1 -1  1]
 [-1  1 -1 -1  1 -1 -1 -1  1  1]
 [ 1 -1 -1  1 -1  1  1 -1 -1 -1]
 [ 1 -1 -1  1 -1  1 -1  1 -1 -1]
 [-1  1  1 -1  1 -1  1 -1  1  1]
 [-1  1 -1 -1  1 -1 -1 -1  1  1]
 [ 1 -1 -1  1 -1  1  1 -1 -1 -1]
 [-1 -1 -1 -1 -1  1 -1  1 -1 -1]
 [-1  1 -1 -1  1 -1 -1 -1  1  1]
 [-1 -1  1 -1 -1 -1  1 -1 -1  1]] [[-1 -1 -1 -1 -1 -1  1 -1 -1 -1]
 [-1  1 -1 -1 -1 -1 -1 -1 -1 -1]
 [-1 -1 -1  1 -1 -1 -1 -1 -1 -1]
 [-1 -1 -1 -1 -1  1 -1 -1 -1 -1]
 [-1 -1 -1 -1 -1 -1 -1 -1 -1  1]
 [-1 -1 -1 -1  1 -1 -1 -1 -1 -1]
 [ 1 -1 -1 -1 -1 -1 -1 -1 -1 -1]
 [-1 -1 -1 -1 -1 -1 -1  1 -1 -1]
 [-1 -1 -1 -1 -1 -1 -1 -1  1 -1]
 [-1 -1  1 -1 -1 -1 -1 -1 -1 -1]]
Org_data Accuracy: 0.6216
Test_data Accuracy: 0.6216
Epoch 188, loss 0.9154
Epoch 189, loss 0.9897
Epoch 190, loss 0.9417
Epoch 191, loss 0.9228
[[-1  1 -1 -1 -1 -1  1  1  1 -1]
 [ 1 -1 -1 -1  1  1 -1 -1 -1  1]
 [-1 -1 -1  1 -1 -1  1 -1 -1 -1]
 [ 1 -1  1 -1  1  1 -1 -1 -1  1]
 [-1  1 -1 -1 -1 -1 -1  1  1 -1]
 [-1 -1 -1  1 -1 -1  1  1  1 -1]
 [-1  1 -1 -1 -1 -1  1  1  1 -1]
 [ 1 -1  1 -1  1  1 -1 -1 -1  1]
 [-1 -1  1 -1  1  1 -1 -1 -1  1]
 [ 1 -1  1 -1  1  1 -1 -1 -1  1]] [[-1 -1 -1 -1 -1 -1 -1 -1  1 -1]
 [ 1 -1 -1 -1 -1 -1 -1 -1 -1 -1]
 [-1 -1 -1  1 -1 -1 -1 -1 -1 -1]
 [-1 -1 -1 -1 -1  1 -1 -1 -1 -1]
 [-1  1 -1 -1 -1 -1 -1 -1 -1 -1]
 [-1 -1 -1 -1 -1 -1  1 -1 -1 -1]
 [-1 -1 -1 -1 -1 -1 -1  1 -1 -1]
 [-1 -1 -1 -1 -1 -1 -1 -1 -1  1]
 [-1 -1  1 -1 -1 -1 -1 -1 -1 -1]
 [-1 -1 -1 -1  1 -1 -1 -1 -1 -1]]
Org_data Accuracy: 0.5982
Test_data Accuracy: 0.5982
Epoch 192, loss 0.9648
Epoch 193, loss 0.9284
Epoch 194, loss 0.9196
Epoch 195, loss 0.9171
[[-1  1 -1  1  1  1 -1 -1 -1 -1]
 [ 1 -1  1 -1 -1 -1  1  1  1  1]
 [-1  1 -1  1  1  1 -1 -1 -1 -1]
 [ 1 -1  1 -1 -1 -1  1  1  1  1]
 [-1  1 -1  1  1  1 -1 -1 -1 -1]
 [ 1 -1  1 -1 -1 -1  1  1  1  1]
 [-1 -1  1 -1 -1 -1  1  1  1  1]
 [-1  1 -1  1  1  1 -1 -1 -1 -1]
 [ 1 -1  1 -1 -1 -1  1 -1  1  1]
 [ 1 -1  1 -1 -1 -1  1  1  1  1]] [[-1  1 -1 -1 -1 -1 -1 -1 -1 -1]
 [-1 -1  1 -1 -1 -1 -1 -1 -1 -1]
 [-1 -1 -1 -1 -1  1 -1 -1 -1 -1]
 [-1 -1 -1 -1 -1 -1 -1 -1  1 -1]
 [-1 -1 -1 -1  1 -1 -1 -1 -1 -1]
 [-1 -1 -1 -1 -1 -1  1 -1 -1 -1]
 [-1 -1 -1 -1 -1 -1 -1  1 -1 -1]
 [-1 -1 -1  1 -1 -1 -1 -1 -1 -1]
 [ 1 -1 -1 -1 -1 -1 -1 -1 -1 -1]
 [-1 -1 -1 -1 -1 -1 -1 -1 -1  1]]
Org_data Accuracy: 0.6025
Test_data Accuracy: 0.6025
Epoch 196, loss 0.9144
Epoch 197, loss 0.9329
Epoch 198, loss 0.9242
Epoch 199, loss 0.9179
[[-1  1 -1  1 -1 -1 -1  1  1  1]
 [ 1 -1  1 -1  1  1  1 -1 -1 -1]
 [-1  1 -1  1 -1 -1 -1  1  1  1]
 [-1  1 -1  1 -1 -1 -1  1  1  1]
 [-1 -1  1 -1  1  1  1 -1 -1 -1]
 [ 1 -1  1 -1  1  1  1 -1 -1 -1]
 [ 1 -1  1 -1  1  1  1 -1 -1 -1]
 [-1  1 -1 -1 -1 -1 -1  1  1  1]
 [ 1 -1  1  1 -1  1  1 -1 -1 -1]
 [ 1  1 -1  1 -1 -1 -1 -1  1  1]] [[-1 -1 -1 -1 -1 -1 -1 -1 -1  1]
 [-1 -1 -1 -1 -1  1 -1 -1 -1 -1]
 [-1 -1 -1 -1 -1 -1 -1 -1  1 -1]
 [-1  1 -1 -1 -1 -1 -1 -1 -1 -1]
 [-1 -1 -1 -1  1 -1 -1 -1 -1 -1]
 [-1 -1 -1 -1 -1 -1  1 -1 -1 -1]
 [-1 -1  1 -1 -1 -1 -1 -1 -1 -1]
 [-1 -1 -1 -1 -1 -1 -1  1 -1 -1]
 [ 1 -1 -1 -1 -1 -1 -1 -1 -1 -1]
 [-1 -1 -1  1 -1 -1 -1 -1 -1 -1]]
Org_data Accuracy: 0.6136
Test_data Accuracy: 0.6136
Using backend: pytorch
Epoch 0, loss 1.0000
Epoch 1, loss 18.2125
Epoch 2, loss 166322.9072
Epoch 3, loss 17.3460
[[1 1 1 1 1 1 1 1 1 1]
 [1 1 1 1 1 1 1 1 1 1]
 [1 1 1 1 1 1 1 1 1 1]
 [1 1 1 1 1 1 1 1 1 1]
 [1 1 1 1 1 1 1 1 1 1]
 [1 1 1 1 1 1 1 1 1 1]
 [1 1 1 1 1 1 1 1 1 1]
 [1 1 1 1 1 1 1 1 1 1]
 [1 1 1 1 1 1 1 1 1 1]
 [1 1 1 1 1 1 1 1 1 1]] [[-1  1 -1 -1 -1 -1 -1 -1 -1 -1]
 [-1 -1 -1 -1 -1  1 -1 -1 -1 -1]
 [-1 -1 -1 -1  1 -1 -1 -1 -1 -1]
 [-1 -1 -1 -1 -1 -1 -1 -1  1 -1]
 [-1 -1 -1 -1 -1 -1  1 -1 -1 -1]
 [ 1 -1 -1 -1 -1 -1 -1 -1 -1 -1]
 [-1 -1 -1 -1 -1 -1 -1 -1 -1  1]
 [-1 -1 -1  1 -1 -1 -1 -1 -1 -1]
 [-1 -1 -1 -1 -1 -1 -1  1 -1 -1]
 [-1 -1  1 -1 -1 -1 -1 -1 -1 -1]]
Org_data Accuracy: 0.1054
Test_data Accuracy: 0.1054
Epoch 4, loss 15.9967
Epoch 5, loss 1.1535
Epoch 6, loss 1152.8278
Epoch 7, loss 95.1869
[[1 1 1 1 1 1 1 1 1 1]
 [1 1 1 1 1 1 1 1 1 1]
 [1 1 1 1 1 1 1 1 1 1]
 [1 1 1 1 1 1 1 1 1 1]
 [1 1 1 1 1 1 1 1 1 1]
 [1 1 1 1 1 1 1 1 1 1]
 [1 1 1 1 1 1 1 1 1 1]
 [1 1 1 1 1 1 1 1 1 1]
 [1 1 1 1 1 1 1 1 1 1]
 [1 1 1 1 1 1 1 1 1 1]] [[-1 -1  1 -1 -1 -1 -1 -1 -1 -1]
 [-1 -1 -1 -1 -1 -1  1 -1 -1 -1]
 [-1 -1 -1 -1 -1  1 -1 -1 -1 -1]
 [-1 -1 -1 -1 -1 -1 -1 -1 -1  1]
 [-1 -1 -1 -1  1 -1 -1 -1 -1 -1]
 [-1 -1 -1 -1 -1 -1 -1  1 -1 -1]
 [-1 -1 -1 -1 -1 -1 -1 -1  1 -1]
 [-1  1 -1 -1 -1 -1 -1 -1 -1 -1]
 [ 1 -1 -1 -1 -1 -1 -1 -1 -1 -1]
 [-1 -1 -1  1 -1 -1 -1 -1 -1 -1]]
Org_data Accuracy: 0.1054
Test_data Accuracy: 0.1054
Epoch 8, loss 957.2861
Epoch 9, loss 106.4639
Epoch 10, loss 69087638.0409
Epoch 11, loss 646.3468
[[1 1 1 1 1 1 1 1 1 1]
 [1 1 1 1 1 1 1 1 1 1]
 [1 1 1 1 1 1 1 1 1 1]
 [1 1 1 1 1 1 1 1 1 1]
 [1 1 1 1 1 1 1 1 1 1]
 [1 1 1 1 1 1 1 1 1 1]
 [1 1 1 1 1 1 1 1 1 1]
 [1 1 1 1 1 1 1 1 1 1]
 [1 1 1 1 1 1 1 1 1 1]
 [1 1 1 1 1 1 1 1 1 1]] [[-1 -1 -1 -1  1 -1 -1 -1 -1 -1]
 [-1  1 -1 -1 -1 -1 -1 -1 -1 -1]
 [-1 -1  1 -1 -1 -1 -1 -1 -1 -1]
 [-1 -1 -1 -1 -1 -1  1 -1 -1 -1]
 [-1 -1 -1  1 -1 -1 -1 -1 -1 -1]
 [-1 -1 -1 -1 -1  1 -1 -1 -1 -1]
 [-1 -1 -1 -1 -1 -1 -1 -1 -1  1]
 [-1 -1 -1 -1 -1 -1 -1 -1  1 -1]
 [-1 -1 -1 -1 -1 -1 -1  1 -1 -1]
 [ 1 -1 -1 -1 -1 -1 -1 -1 -1 -1]]
Org_data Accuracy: 0.1054
Test_data Accuracy: 0.1054
Epoch 12, loss 1032.7801
Epoch 13, loss 444.0842
Epoch 14, loss 190.9221
Epoch 15, loss 6724.9887
[[1 1 1 1 1 1 1 1 1 1]
 [1 1 1 1 1 1 1 1 1 1]
 [1 1 1 1 1 1 1 1 1 1]
 [1 1 1 1 1 1 1 1 1 1]
 [1 1 1 1 1 1 1 1 1 1]
 [1 1 1 1 1 1 1 1 1 1]
 [1 1 1 1 1 1 1 1 1 1]
 [1 1 1 1 1 1 1 1 1 1]
 [1 1 1 1 1 1 1 1 1 1]
 [1 1 1 1 1 1 1 1 1 1]] [[ 1 -1 -1 -1 -1 -1 -1 -1 -1 -1]
 [-1 -1 -1 -1 -1 -1  1 -1 -1 -1]
 [-1 -1  1 -1 -1 -1 -1 -1 -1 -1]
 [-1 -1 -1 -1 -1 -1 -1  1 -1 -1]
 [-1 -1 -1 -1 -1  1 -1 -1 -1 -1]
 [-1  1 -1 -1 -1 -1 -1 -1 -1 -1]
 [-1 -1 -1 -1  1 -1 -1 -1 -1 -1]
 [-1 -1 -1  1 -1 -1 -1 -1 -1 -1]
 [-1 -1 -1 -1 -1 -1 -1 -1 -1  1]
 [-1 -1 -1 -1 -1 -1 -1 -1  1 -1]]
Org_data Accuracy: 0.1054
Test_data Accuracy: 0.1054
Epoch 16, loss 12937.7250
Epoch 17, loss 92552.9034
Epoch 18, loss 14325.4613
Epoch 19, loss 20524.5045
[[1 1 1 1 1 1 1 1 1 1]
 [1 1 1 1 1 1 1 1 1 1]
 [1 1 1 1 1 1 1 1 1 1]
 [1 1 1 1 1 1 1 1 1 1]
 [1 1 1 1 1 1 1 1 1 1]
 [1 1 1 1 1 1 1 1 1 1]
 [1 1 1 1 1 1 1 1 1 1]
 [1 1 1 1 1 1 1 1 1 1]
 [1 1 1 1 1 1 1 1 1 1]
 [1 1 1 1 1 1 1 1 1 1]] [[-1 -1 -1  1 -1 -1 -1 -1 -1 -1]
 [-1  1 -1 -1 -1 -1 -1 -1 -1 -1]
 [-1 -1 -1 -1 -1 -1  1 -1 -1 -1]
 [ 1 -1 -1 -1 -1 -1 -1 -1 -1 -1]
 [-1 -1  1 -1 -1 -1 -1 -1 -1 -1]
 [-1 -1 -1 -1  1 -1 -1 -1 -1 -1]
 [-1 -1 -1 -1 -1  1 -1 -1 -1 -1]
 [-1 -1 -1 -1 -1 -1 -1 -1  1 -1]
 [-1 -1 -1 -1 -1 -1 -1  1 -1 -1]
 [-1 -1 -1 -1 -1 -1 -1 -1 -1  1]]
Org_data Accuracy: 0.1054
Test_data Accuracy: 0.1054
Epoch 20, loss 50958.8656
Epoch 21, loss 43551.9270
Epoch 22, loss 12530.5606
Epoch 23, loss 379499.3933
[[1 1 1 1 1 1 1 1 1 1]
 [1 1 1 1 1 1 1 1 1 1]
 [1 1 1 1 1 1 1 1 1 1]
 [1 1 1 1 1 1 1 1 1 1]
 [1 1 1 1 1 1 1 1 1 1]
 [1 1 1 1 1 1 1 1 1 1]
 [1 1 1 1 1 1 1 1 1 1]
 [1 1 1 1 1 1 1 1 1 1]
 [1 1 1 1 1 1 1 1 1 1]
 [1 1 1 1 1 1 1 1 1 1]] [[-1 -1 -1  1 -1 -1 -1 -1 -1 -1]
 [-1 -1 -1 -1 -1 -1 -1 -1  1 -1]
 [-1 -1 -1 -1 -1  1 -1 -1 -1 -1]
 [-1 -1 -1 -1  1 -1 -1 -1 -1 -1]
 [-1 -1  1 -1 -1 -1 -1 -1 -1 -1]
 [-1 -1 -1 -1 -1 -1  1 -1 -1  1]
 [-1 -1 -1 -1 -1 -1  1 -1 -1  1]
 [-1 -1 -1 -1 -1 -1 -1  1 -1 -1]
 [ 1 -1 -1 -1 -1 -1 -1 -1 -1 -1]
 [-1  1 -1 -1 -1 -1 -1 -1 -1 -1]]
Org_data Accuracy: 0.1054
Test_data Accuracy: 0.1054
Epoch 24, loss 18545.2402
Epoch 25, loss 738159.7988
Epoch 26, loss 200362.6714
Epoch 27, loss 2117321.7256
[[1 1 1 1 1 1 1 1 1 1]
 [1 1 1 1 1 1 1 1 1 1]
 [1 1 1 1 1 1 1 1 1 1]
 [1 1 1 1 1 1 1 1 1 1]
 [1 1 1 1 1 1 1 1 1 1]
 [1 1 1 1 1 1 1 1 1 1]
 [1 1 1 1 1 1 1 1 1 1]
 [1 1 1 1 1 1 1 1 1 1]
 [1 1 1 1 1 1 1 1 1 1]
 [1 1 1 1 1 1 1 1 1 1]] [[-1  1 -1 -1 -1 -1 -1 -1 -1 -1]
 [-1 -1  1 -1 -1 -1 -1 -1 -1  1]
 [-1 -1 -1 -1 -1  1 -1  1 -1 -1]
 [-1 -1 -1 -1 -1 -1  1 -1 -1 -1]
 [-1 -1 -1 -1 -1 -1 -1 -1  1 -1]
 [-1 -1 -1 -1  1 -1 -1 -1 -1 -1]
 [-1 -1  1 -1 -1 -1 -1 -1 -1  1]
 [-1 -1 -1 -1 -1  1 -1  1 -1 -1]
 [ 1 -1 -1  1 -1 -1 -1 -1 -1 -1]
 [ 1 -1 -1  1 -1 -1 -1 -1 -1 -1]]
Org_data Accuracy: 0.1054
Test_data Accuracy: 0.1054
Epoch 28, loss 1552782.3512
Epoch 29, loss 266276.4000
Epoch 30, loss 2090102.6526
Epoch 31, loss 277294.5504
[[1 1 1 1 1 1 1 1 1 1]
 [1 1 1 1 1 1 1 1 1 1]
 [1 1 1 1 1 1 1 1 1 1]
 [1 1 1 1 1 1 1 1 1 1]
 [1 1 1 1 1 1 1 1 1 1]
 [1 1 1 1 1 1 1 1 1 1]
 [1 1 1 1 1 1 1 1 1 1]
 [1 1 1 1 1 1 1 1 1 1]
 [1 1 1 1 1 1 1 1 1 1]
 [1 1 1 1 1 1 1 1 1 1]] [[-1 -1 -1 -1 -1  1 -1 -1 -1 -1]
 [-1 -1 -1 -1 -1 -1 -1 -1  1 -1]
 [-1 -1 -1 -1 -1 -1 -1 -1 -1  1]
 [ 1 -1 -1 -1 -1 -1 -1 -1 -1 -1]
 [-1  1 -1 -1 -1 -1 -1 -1 -1 -1]
 [-1 -1  1 -1 -1 -1 -1 -1 -1 -1]
 [-1 -1 -1 -1 -1 -1 -1  1 -1 -1]
 [-1 -1 -1 -1 -1 -1  1 -1 -1 -1]
 [-1 -1 -1 -1  1 -1 -1 -1 -1 -1]
 [-1 -1 -1  1 -1 -1 -1 -1 -1 -1]]
Org_data Accuracy: 0.1054
Test_data Accuracy: 0.1054
Epoch 32, loss 2504253.8980
Epoch 33, loss 194563.9265
Epoch 34, loss 37980.6079
Epoch 35, loss 549775952.2704
[[1 1 1 1 1 1 1 1 1 1]
 [1 1 1 1 1 1 1 1 1 1]
 [1 1 1 1 1 1 1 1 1 1]
 [1 1 1 1 1 1 1 1 1 1]
 [1 1 1 1 1 1 1 1 1 1]
 [1 1 1 1 1 1 1 1 1 1]
 [1 1 1 1 1 1 1 1 1 1]
 [1 1 1 1 1 1 1 1 1 1]
 [1 1 1 1 1 1 1 1 1 1]
 [1 1 1 1 1 1 1 1 1 1]] [[-1 -1 -1 -1 -1 -1 -1 -1  1 -1]
 [-1  1 -1 -1 -1 -1 -1 -1 -1 -1]
 [-1 -1 -1  1 -1 -1 -1 -1 -1 -1]
 [ 1 -1 -1 -1 -1 -1 -1 -1 -1 -1]
 [-1 -1 -1 -1 -1 -1  1 -1 -1 -1]
 [-1 -1 -1 -1 -1 -1 -1  1 -1 -1]
 [-1 -1 -1 -1  1 -1 -1 -1 -1 -1]
 [-1 -1  1 -1 -1 -1 -1 -1 -1 -1]
 [-1 -1 -1 -1 -1 -1 -1 -1 -1  1]
 [-1 -1 -1 -1 -1  1 -1 -1 -1 -1]]
Org_data Accuracy: 0.1054
Test_data Accuracy: 0.1054
Epoch 36, loss 1053840.5328
Epoch 37, loss 230276.6654
Epoch 38, loss 1262315.7298
Epoch 39, loss 226235648326.2950
[[1 1 1 1 1 1 1 1 1 1]
 [1 1 1 1 1 1 1 1 1 1]
 [1 1 1 1 1 1 1 1 1 1]
 [1 1 1 1 1 1 1 1 1 1]
 [1 1 1 1 1 1 1 1 1 1]
 [1 1 1 1 1 1 1 1 1 1]
 [1 1 1 1 1 1 1 1 1 1]
 [1 1 1 1 1 1 1 1 1 1]
 [1 1 1 1 1 1 1 1 1 1]
 [1 1 1 1 1 1 1 1 1 1]] [[-1 -1 -1  1 -1 -1 -1 -1 -1 -1]
 [-1  1 -1 -1 -1 -1 -1 -1 -1 -1]
 [ 1 -1 -1 -1 -1 -1 -1 -1 -1 -1]
 [-1 -1 -1 -1 -1 -1 -1 -1  1 -1]
 [-1 -1 -1 -1 -1 -1 -1 -1 -1  1]
 [-1 -1 -1 -1  1 -1 -1 -1 -1 -1]
 [-1 -1 -1 -1 -1  1 -1 -1 -1 -1]
 [-1 -1  1 -1 -1 -1 -1 -1 -1 -1]
 [-1 -1 -1 -1 -1 -1 -1  1 -1 -1]
 [-1 -1 -1 -1 -1 -1  1 -1 -1 -1]]
Org_data Accuracy: 0.1054
Test_data Accuracy: 0.1054
Epoch 40, loss 1482721.2530
Epoch 41, loss 61759.7838
Epoch 42, loss 86708.1048
Epoch 43, loss 221911.0116
[[1 1 1 1 1 1 1 1 1 1]
 [1 1 1 1 1 1 1 1 1 1]
 [1 1 1 1 1 1 1 1 1 1]
 [1 1 1 1 1 1 1 1 1 1]
 [1 1 1 1 1 1 1 1 1 1]
 [1 1 1 1 1 1 1 1 1 1]
 [1 1 1 1 1 1 1 1 1 1]
 [1 1 1 1 1 1 1 1 1 1]
 [1 1 1 1 1 1 1 1 1 1]
 [1 1 1 1 1 1 1 1 1 1]] [[-1 -1 -1 -1  1 -1 -1 -1 -1 -1]
 [-1 -1  1 -1 -1 -1 -1 -1 -1 -1]
 [-1 -1 -1 -1 -1  1 -1 -1 -1 -1]
 [-1 -1 -1 -1 -1 -1 -1 -1 -1  1]
 [-1 -1 -1 -1 -1 -1  1 -1 -1 -1]
 [-1  1 -1 -1 -1 -1 -1 -1 -1 -1]
 [-1 -1 -1 -1 -1 -1 -1 -1  1 -1]
 [ 1 -1 -1 -1 -1 -1 -1 -1 -1 -1]
 [-1 -1 -1 -1 -1 -1 -1  1 -1 -1]
 [-1 -1 -1  1 -1 -1 -1 -1 -1 -1]]
Org_data Accuracy: 0.1054
Test_data Accuracy: 0.1054
Epoch 44, loss 4799373.8783
Epoch 45, loss 2777388.9148
Epoch 46, loss 399522.8115
Epoch 47, loss 198682.4764
[[1 1 1 1 1 1 1 1 1 1]
 [1 1 1 1 1 1 1 1 1 1]
 [1 1 1 1 1 1 1 1 1 1]
 [1 1 1 1 1 1 1 1 1 1]
 [1 1 1 1 1 1 1 1 1 1]
 [1 1 1 1 1 1 1 1 1 1]
 [1 1 1 1 1 1 1 1 1 1]
 [1 1 1 1 1 1 1 1 1 1]
 [1 1 1 1 1 1 1 1 1 1]
 [1 1 1 1 1 1 1 1 1 1]] [[-1 -1  1 -1 -1 -1 -1 -1 -1 -1]
 [-1 -1 -1 -1 -1 -1 -1  1 -1 -1]
 [-1 -1 -1 -1 -1 -1 -1 -1 -1  1]
 [ 1 -1 -1 -1 -1 -1 -1 -1 -1 -1]
 [-1 -1 -1 -1 -1 -1  1 -1 -1 -1]
 [-1 -1 -1  1 -1 -1 -1 -1 -1 -1]
 [-1 -1 -1 -1 -1  1 -1 -1 -1 -1]
 [-1  1 -1 -1 -1 -1 -1 -1 -1 -1]
 [-1 -1 -1 -1 -1 -1 -1 -1  1 -1]
 [-1 -1 -1 -1  1 -1 -1 -1 -1 -1]]
Org_data Accuracy: 0.1054
Test_data Accuracy: 0.1054
Epoch 48, loss 2642.0893
Epoch 49, loss 83603.7932
Epoch 50, loss 10406.8467
Epoch 51, loss 35950.5709
[[1 1 1 1 1 1 1 1 1 1]
 [1 1 1 1 1 1 1 1 1 1]
 [1 1 1 1 1 1 1 1 1 1]
 [1 1 1 1 1 1 1 1 1 1]
 [1 1 1 1 1 1 1 1 1 1]
 [1 1 1 1 1 1 1 1 1 1]
 [1 1 1 1 1 1 1 1 1 1]
 [1 1 1 1 1 1 1 1 1 1]
 [1 1 1 1 1 1 1 1 1 1]
 [1 1 1 1 1 1 1 1 1 1]] [[-1 -1 -1 -1 -1  1 -1 -1 -1 -1]
 [-1  1 -1 -1 -1 -1 -1 -1 -1 -1]
 [-1 -1 -1 -1 -1 -1 -1 -1 -1  1]
 [-1 -1 -1 -1 -1 -1 -1 -1  1 -1]
 [-1 -1 -1 -1 -1 -1  1 -1 -1 -1]
 [-1 -1 -1 -1 -1 -1 -1  1 -1 -1]
 [-1 -1  1 -1 -1 -1 -1 -1 -1 -1]
 [-1 -1 -1  1 -1 -1 -1 -1 -1 -1]
 [ 1 -1 -1 -1 -1 -1 -1 -1 -1 -1]
 [-1 -1 -1 -1  1 -1 -1 -1 -1 -1]]
Org_data Accuracy: 0.1054
Test_data Accuracy: 0.1054
Epoch 52, loss 36502.4801
Epoch 53, loss 237.7067
Epoch 54, loss 2401856.1352
Epoch 55, loss 283992.2010
[[1 1 1 1 1 1 1 1 1 1]
 [1 1 1 1 1 1 1 1 1 1]
 [1 1 1 1 1 1 1 1 1 1]
 [1 1 1 1 1 1 1 1 1 1]
 [1 1 1 1 1 1 1 1 1 1]
 [1 1 1 1 1 1 1 1 1 1]
 [1 1 1 1 1 1 1 1 1 1]
 [1 1 1 1 1 1 1 1 1 1]
 [1 1 1 1 1 1 1 1 1 1]
 [1 1 1 1 1 1 1 1 1 1]] [[-1 -1  1 -1 -1 -1 -1 -1 -1 -1]
 [-1 -1 -1 -1 -1  1 -1 -1 -1 -1]
 [-1 -1 -1 -1 -1 -1  1 -1 -1 -1]
 [-1 -1 -1  1 -1 -1 -1 -1 -1 -1]
 [-1 -1 -1 -1 -1 -1 -1 -1 -1  1]
 [-1 -1 -1 -1 -1 -1 -1 -1  1 -1]
 [-1 -1 -1 -1 -1 -1 -1  1 -1 -1]
 [ 1 -1 -1 -1 -1 -1 -1 -1 -1 -1]
 [-1 -1 -1 -1  1 -1 -1 -1 -1 -1]
 [-1  1 -1 -1 -1 -1 -1 -1 -1 -1]]
Org_data Accuracy: 0.1054
Test_data Accuracy: 0.1054
Epoch 56, loss 32829.0527
Epoch 57, loss 1255202.7380
Epoch 58, loss 169852.3529
Epoch 59, loss 157763.9101
[[1 1 1 1 1 1 1 1 1 1]
 [1 1 1 1 1 1 1 1 1 1]
 [1 1 1 1 1 1 1 1 1 1]
 [1 1 1 1 1 1 1 1 1 1]
 [1 1 1 1 1 1 1 1 1 1]
 [1 1 1 1 1 1 1 1 1 1]
 [1 1 1 1 1 1 1 1 1 1]
 [1 1 1 1 1 1 1 1 1 1]
 [1 1 1 1 1 1 1 1 1 1]
 [1 1 1 1 1 1 1 1 1 1]] [[-1 -1 -1 -1 -1 -1  1 -1 -1 -1]
 [-1 -1 -1 -1 -1 -1 -1 -1  1 -1]
 [-1 -1 -1 -1  1 -1 -1 -1 -1 -1]
 [-1 -1 -1  1 -1 -1 -1 -1 -1 -1]
 [-1  1 -1 -1 -1 -1 -1 -1 -1 -1]
 [-1 -1 -1 -1 -1 -1 -1  1 -1 -1]
 [-1 -1 -1 -1 -1  1 -1 -1 -1 -1]
 [ 1 -1 -1 -1 -1 -1 -1 -1 -1 -1]
 [-1 -1 -1 -1 -1 -1 -1 -1 -1  1]
 [-1 -1  1 -1 -1 -1 -1 -1 -1 -1]]
Org_data Accuracy: 0.1054
Test_data Accuracy: 0.1054
Epoch 60, loss 11450.6996
Epoch 61, loss 114966.8599
Epoch 62, loss 169298.9180
Epoch 63, loss 62134.8005
[[1 1 1 1 1 1 1 1 1 1]
 [1 1 1 1 1 1 1 1 1 1]
 [1 1 1 1 1 1 1 1 1 1]
 [1 1 1 1 1 1 1 1 1 1]
 [1 1 1 1 1 1 1 1 1 1]
 [1 1 1 1 1 1 1 1 1 1]
 [1 1 1 1 1 1 1 1 1 1]
 [1 1 1 1 1 1 1 1 1 1]
 [1 1 1 1 1 1 1 1 1 1]
 [1 1 1 1 1 1 1 1 1 1]] [[ 1 -1 -1 -1 -1 -1 -1 -1 -1 -1]
 [-1 -1 -1 -1 -1 -1  1 -1 -1 -1]
 [-1 -1  1 -1 -1 -1 -1 -1 -1 -1]
 [-1 -1 -1 -1 -1  1 -1 -1 -1 -1]
 [-1 -1 -1  1 -1 -1 -1 -1 -1 -1]
 [-1 -1 -1 -1 -1 -1 -1 -1  1 -1]
 [-1 -1 -1 -1  1 -1 -1 -1 -1 -1]
 [-1  1 -1 -1 -1 -1 -1 -1 -1 -1]
 [-1 -1 -1 -1 -1 -1 -1 -1 -1  1]
 [-1 -1 -1 -1 -1 -1 -1  1 -1 -1]]
Org_data Accuracy: 0.1054
Test_data Accuracy: 0.1054
Epoch 64, loss 55527808.9966
Epoch 65, loss 31711.4021
Epoch 66, loss 15006.2011
Epoch 67, loss 71258.1183
[[1 1 1 1 1 1 1 1 1 1]
 [1 1 1 1 1 1 1 1 1 1]
 [1 1 1 1 1 1 1 1 1 1]
 [1 1 1 1 1 1 1 1 1 1]
 [1 1 1 1 1 1 1 1 1 1]
 [1 1 1 1 1 1 1 1 1 1]
 [1 1 1 1 1 1 1 1 1 1]
 [1 1 1 1 1 1 1 1 1 1]
 [1 1 1 1 1 1 1 1 1 1]
 [1 1 1 1 1 1 1 1 1 1]] [[-1 -1 -1 -1 -1 -1 -1  1 -1 -1]
 [-1 -1 -1 -1 -1 -1 -1 -1  1 -1]
 [-1 -1 -1 -1 -1 -1 -1 -1 -1  1]
 [-1 -1 -1 -1  1 -1 -1 -1 -1 -1]
 [-1 -1 -1  1 -1 -1 -1 -1 -1 -1]
 [-1 -1 -1 -1 -1 -1  1 -1 -1 -1]
 [-1 -1 -1 -1 -1  1 -1 -1 -1 -1]
 [-1  1 -1 -1 -1 -1 -1 -1 -1 -1]
 [-1 -1  1 -1 -1 -1 -1 -1 -1 -1]
 [ 1 -1 -1 -1 -1 -1 -1 -1 -1 -1]]
Org_data Accuracy: 0.1054
Test_data Accuracy: 0.1054
Epoch 68, loss 339850339989.2189
Epoch 69, loss 160411.3554
Epoch 70, loss 34521.1729
Epoch 71, loss 22550.0209
[[1 1 1 1 1 1 1 1 1 1]
 [1 1 1 1 1 1 1 1 1 1]
 [1 1 1 1 1 1 1 1 1 1]
 [1 1 1 1 1 1 1 1 1 1]
 [1 1 1 1 1 1 1 1 1 1]
 [1 1 1 1 1 1 1 1 1 1]
 [1 1 1 1 1 1 1 1 1 1]
 [1 1 1 1 1 1 1 1 1 1]
 [1 1 1 1 1 1 1 1 1 1]
 [1 1 1 1 1 1 1 1 1 1]] [[-1 -1 -1 -1 -1 -1  1 -1 -1 -1]
 [-1 -1 -1 -1 -1 -1 -1 -1 -1  1]
 [-1  1 -1 -1 -1 -1 -1 -1 -1 -1]
 [ 1 -1 -1 -1 -1 -1 -1 -1 -1 -1]
 [-1 -1 -1 -1 -1 -1 -1  1 -1 -1]
 [-1 -1  1 -1 -1 -1 -1 -1 -1 -1]
 [-1 -1 -1 -1 -1  1 -1 -1 -1 -1]
 [-1 -1 -1  1 -1 -1 -1 -1 -1 -1]
 [-1 -1 -1 -1  1 -1 -1 -1 -1 -1]
 [-1 -1 -1 -1 -1 -1 -1 -1  1 -1]]
Org_data Accuracy: 0.1054
Test_data Accuracy: 0.1054
Epoch 72, loss 30676.1039
Epoch 73, loss 7829.6638
Epoch 74, loss 7829.5822
Epoch 75, loss 204354.9881
[[1 1 1 1 1 1 1 1 1 1]
 [1 1 1 1 1 1 1 1 1 1]
 [1 1 1 1 1 1 1 1 1 1]
 [1 1 1 1 1 1 1 1 1 1]
 [1 1 1 1 1 1 1 1 1 1]
 [1 1 1 1 1 1 1 1 1 1]
 [1 1 1 1 1 1 1 1 1 1]
 [1 1 1 1 1 1 1 1 1 1]
 [1 1 1 1 1 1 1 1 1 1]
 [1 1 1 1 1 1 1 1 1 1]] [[-1 -1 -1 -1 -1  1 -1 -1 -1 -1]
 [-1  1 -1 -1 -1 -1 -1 -1 -1 -1]
 [-1 -1 -1 -1 -1 -1  1 -1 -1 -1]
 [-1 -1 -1 -1 -1 -1 -1 -1 -1  1]
 [-1 -1 -1 -1 -1 -1 -1  1 -1 -1]
 [-1 -1 -1 -1  1 -1 -1 -1 -1 -1]
 [ 1 -1 -1 -1 -1 -1 -1 -1 -1 -1]
 [-1 -1 -1 -1 -1 -1 -1 -1  1 -1]
 [-1 -1  1 -1 -1 -1 -1 -1 -1 -1]
 [-1 -1 -1  1 -1 -1 -1 -1 -1 -1]]
Org_data Accuracy: 0.1054
Test_data Accuracy: 0.1054
Epoch 76, loss 185.5958
Epoch 77, loss 42521.5756
Epoch 78, loss 45344.4929
Epoch 79, loss 190548.2379
[[1 1 1 1 1 1 1 1 1 1]
 [1 1 1 1 1 1 1 1 1 1]
 [1 1 1 1 1 1 1 1 1 1]
 [1 1 1 1 1 1 1 1 1 1]
 [1 1 1 1 1 1 1 1 1 1]
 [1 1 1 1 1 1 1 1 1 1]
 [1 1 1 1 1 1 1 1 1 1]
 [1 1 1 1 1 1 1 1 1 1]
 [1 1 1 1 1 1 1 1 1 1]
 [1 1 1 1 1 1 1 1 1 1]] [[ 1 -1 -1 -1 -1 -1 -1 -1 -1 -1]
 [-1 -1 -1 -1 -1  1 -1 -1 -1 -1]
 [-1 -1 -1 -1 -1 -1  1 -1 -1 -1]
 [-1 -1 -1 -1 -1 -1 -1 -1  1 -1]
 [-1 -1 -1 -1  1 -1 -1 -1 -1 -1]
 [-1 -1 -1 -1 -1 -1 -1  1 -1 -1]
 [-1  1 -1 -1 -1 -1 -1 -1 -1 -1]
 [-1 -1 -1 -1 -1 -1 -1 -1 -1  1]
 [-1 -1  1 -1 -1 -1 -1 -1 -1 -1]
 [-1 -1 -1  1 -1 -1 -1 -1 -1 -1]]
Org_data Accuracy: 0.1054
Test_data Accuracy: 0.1054
Epoch 80, loss 143983.1318
Epoch 81, loss 2739.4386
Epoch 82, loss 11160560658566.4297
Epoch 83, loss 6712.9253
[[1 1 1 1 1 1 1 1 1 1]
 [1 1 1 1 1 1 1 1 1 1]
 [1 1 1 1 1 1 1 1 1 1]
 [1 1 1 1 1 1 1 1 1 1]
 [1 1 1 1 1 1 1 1 1 1]
 [1 1 1 1 1 1 1 1 1 1]
 [1 1 1 1 1 1 1 1 1 1]
 [1 1 1 1 1 1 1 1 1 1]
 [1 1 1 1 1 1 1 1 1 1]
 [1 1 1 1 1 1 1 1 1 1]] [[-1 -1 -1 -1 -1 -1  1 -1 -1 -1]
 [ 1 -1 -1 -1 -1 -1 -1 -1 -1 -1]
 [-1 -1 -1 -1  1 -1 -1 -1 -1 -1]
 [-1 -1 -1 -1 -1 -1 -1  1 -1 -1]
 [-1 -1  1 -1 -1 -1 -1 -1 -1 -1]
 [-1 -1 -1 -1 -1 -1 -1 -1  1 -1]
 [-1 -1 -1  1 -1 -1 -1 -1 -1 -1]
 [-1  1 -1 -1 -1 -1 -1 -1 -1 -1]
 [-1 -1 -1 -1 -1 -1 -1 -1 -1  1]
 [-1 -1 -1 -1 -1  1 -1 -1 -1 -1]]
Org_data Accuracy: 0.1054
Test_data Accuracy: 0.1054
Epoch 84, loss 47160.4664
Epoch 85, loss 29901.1390
Epoch 86, loss 3721.9910
Epoch 87, loss 1790.1036
[[-1  1  1  1  1  1  1  1  1  1]
 [ 1  1  1  1  1  1  1  1  1  1]
 [ 1  1  1  1  1  1  1  1  1  1]
 [ 1  1  1  1  1  1  1  1  1  1]
 [ 1  1  1  1  1  1  1  1  1  1]
 [ 1  1  1  1  1  1  1  1  1  1]
 [ 1  1  1  1  1  1  1  1  1  1]
 [ 1  1  1  1  1  1  1  1  1  1]
 [-1  1  1  1  1  1  1  1  1  1]
 [ 1  1 -1  1  1  1  1  1 -1  1]] [[-1 -1 -1 -1 -1 -1 -1 -1  1 -1]
 [-1 -1 -1 -1 -1 -1 -1 -1 -1  1]
 [-1  1 -1 -1 -1 -1 -1 -1 -1 -1]
 [-1 -1 -1 -1 -1 -1  1 -1 -1 -1]
 [-1 -1 -1 -1  1 -1 -1 -1 -1 -1]
 [-1 -1 -1 -1 -1  1 -1 -1 -1 -1]
 [-1 -1 -1  1 -1 -1 -1 -1 -1 -1]
 [-1 -1 -1 -1 -1 -1 -1  1 -1 -1]
 [-1 -1  1 -1 -1 -1 -1 -1 -1 -1]
 [ 1 -1 -1 -1 -1 -1 -1 -1 -1 -1]]
Org_data Accuracy: 0.1252
Test_data Accuracy: 0.1252
Epoch 88, loss 48600.2872
Epoch 89, loss 82780.8828
Epoch 90, loss 27730.9898
Epoch 91, loss 274087.7466
[[1 1 1 1 1 1 1 1 1 1]
 [1 1 1 1 1 1 1 1 1 1]
 [1 1 1 1 1 1 1 1 1 1]
 [1 1 1 1 1 1 1 1 1 1]
 [1 1 1 1 1 1 1 1 1 1]
 [1 1 1 1 1 1 1 1 1 1]
 [1 1 1 1 1 1 1 1 1 1]
 [1 1 1 1 1 1 1 1 1 1]
 [1 1 1 1 1 1 1 1 1 1]
 [1 1 1 1 1 1 1 1 1 1]] [[-1 -1 -1 -1 -1 -1 -1 -1 -1  1]
 [-1 -1 -1 -1 -1 -1  1 -1 -1 -1]
 [ 1 -1 -1 -1 -1 -1 -1 -1 -1 -1]
 [-1 -1 -1 -1 -1  1 -1 -1 -1 -1]
 [-1 -1 -1 -1 -1 -1 -1  1 -1 -1]
 [-1 -1 -1 -1  1 -1 -1 -1 -1 -1]
 [-1 -1  1 -1 -1 -1 -1 -1 -1 -1]
 [-1 -1 -1 -1 -1 -1 -1 -1  1 -1]
 [-1  1 -1 -1 -1 -1 -1 -1 -1 -1]
 [-1 -1 -1  1 -1 -1 -1 -1 -1 -1]]
Org_data Accuracy: 0.1054
Test_data Accuracy: 0.1054
Epoch 92, loss 6280.1680
Epoch 93, loss 9066.4399
Epoch 94, loss 17360.6423
Epoch 95, loss 244.0674
[[1 1 1 1 1 1 1 1 1 1]
 [1 1 1 1 1 1 1 1 1 1]
 [1 1 1 1 1 1 1 1 1 1]
 [1 1 1 1 1 1 1 1 1 1]
 [1 1 1 1 1 1 1 1 1 1]
 [1 1 1 1 1 1 1 1 1 1]
 [1 1 1 1 1 1 1 1 1 1]
 [1 1 1 1 1 1 1 1 1 1]
 [1 1 1 1 1 1 1 1 1 1]
 [1 1 1 1 1 1 1 1 1 1]] [[-1  1 -1 -1 -1 -1 -1 -1 -1 -1]
 [-1 -1 -1 -1 -1 -1  1 -1 -1 -1]
 [-1 -1 -1 -1 -1 -1 -1 -1 -1  1]
 [-1 -1 -1 -1  1 -1 -1 -1 -1 -1]
 [-1 -1 -1 -1 -1 -1 -1  1 -1 -1]
 [-1 -1 -1 -1 -1  1 -1 -1 -1 -1]
 [-1 -1  1 -1 -1 -1 -1 -1 -1 -1]
 [ 1 -1 -1 -1 -1 -1 -1 -1 -1 -1]
 [-1 -1 -1 -1 -1 -1 -1 -1  1 -1]
 [-1 -1 -1  1 -1 -1 -1 -1 -1 -1]]
Org_data Accuracy: 0.1054
Test_data Accuracy: 0.1054
Epoch 96, loss 42669.6337
Epoch 97, loss 111836.4424
Epoch 98, loss 15699.4137
Epoch 99, loss 8182.7107
[[1 1 1 1 1 1 1 1 1 1]
 [1 1 1 1 1 1 1 1 1 1]
 [1 1 1 1 1 1 1 1 1 1]
 [1 1 1 1 1 1 1 1 1 1]
 [1 1 1 1 1 1 1 1 1 1]
 [1 1 1 1 1 1 1 1 1 1]
 [1 1 1 1 1 1 1 1 1 1]
 [1 1 1 1 1 1 1 1 1 1]
 [1 1 1 1 1 1 1 1 1 1]
 [1 1 1 1 1 1 1 1 1 1]] [[-1 -1 -1 -1 -1 -1 -1  1 -1 -1]
 [ 1 -1 -1 -1 -1 -1 -1 -1 -1 -1]
 [-1 -1 -1 -1  1 -1 -1 -1 -1 -1]
 [-1 -1 -1 -1 -1  1 -1 -1 -1 -1]
 [-1 -1 -1 -1 -1 -1 -1 -1 -1  1]
 [-1 -1  1 -1 -1 -1 -1 -1 -1 -1]
 [-1  1 -1 -1 -1 -1 -1 -1 -1 -1]
 [-1 -1 -1 -1 -1 -1 -1 -1  1 -1]
 [-1 -1 -1  1 -1 -1 -1 -1 -1 -1]
 [-1 -1 -1 -1 -1 -1  1 -1 -1 -1]]
Org_data Accuracy: 0.1057
Test_data Accuracy: 0.1057
Epoch 100, loss 517285.2751
Epoch 101, loss 1374.5679
Epoch 102, loss 276076.0895
Epoch 103, loss 5013.3621
[[1 1 1 1 1 1 1 1 1 1]
 [1 1 1 1 1 1 1 1 1 1]
 [1 1 1 1 1 1 1 1 1 1]
 [1 1 1 1 1 1 1 1 1 1]
 [1 1 1 1 1 1 1 1 1 1]
 [1 1 1 1 1 1 1 1 1 1]
 [1 1 1 1 1 1 1 1 1 1]
 [1 1 1 1 1 1 1 1 1 1]
 [1 1 1 1 1 1 1 1 1 1]
 [1 1 1 1 1 1 1 1 1 1]] [[-1 -1 -1  1 -1 -1 -1 -1 -1 -1]
 [-1 -1 -1 -1 -1 -1 -1  1 -1 -1]
 [-1 -1 -1 -1 -1 -1 -1 -1 -1  1]
 [-1 -1 -1 -1 -1  1 -1 -1 -1 -1]
 [ 1 -1 -1 -1 -1 -1 -1 -1 -1 -1]
 [-1 -1  1 -1 -1 -1 -1 -1 -1 -1]
 [-1 -1 -1 -1 -1 -1  1 -1 -1 -1]
 [-1 -1 -1 -1  1 -1 -1 -1 -1 -1]
 [-1 -1 -1 -1 -1 -1 -1 -1  1 -1]
 [-1  1 -1 -1 -1 -1 -1 -1 -1 -1]]
Org_data Accuracy: 0.1057
Test_data Accuracy: 0.1057
Epoch 104, loss 2156.4065
Epoch 105, loss 44111.1223
Epoch 106, loss 2854.7966
Epoch 107, loss 13850.1907
[[1 1 1 1 1 1 1 1 1 1]
 [1 1 1 1 1 1 1 1 1 1]
 [1 1 1 1 1 1 1 1 1 1]
 [1 1 1 1 1 1 1 1 1 1]
 [1 1 1 1 1 1 1 1 1 1]
 [1 1 1 1 1 1 1 1 1 1]
 [1 1 1 1 1 1 1 1 1 1]
 [1 1 1 1 1 1 1 1 1 1]
 [1 1 1 1 1 1 1 1 1 1]
 [1 1 1 1 1 1 1 1 1 1]] [[-1  1 -1 -1 -1 -1 -1 -1 -1 -1]
 [-1 -1 -1 -1  1 -1 -1 -1 -1 -1]
 [-1 -1 -1 -1 -1  1 -1 -1 -1 -1]
 [-1 -1 -1  1 -1 -1 -1 -1 -1 -1]
 [-1 -1 -1 -1 -1 -1  1 -1 -1 -1]
 [ 1 -1 -1 -1 -1 -1 -1 -1 -1 -1]
 [-1 -1 -1 -1 -1 -1 -1  1 -1 -1]
 [-1 -1 -1 -1 -1 -1 -1 -1  1 -1]
 [-1 -1  1 -1 -1 -1 -1 -1 -1 -1]
 [-1 -1 -1 -1 -1 -1 -1 -1 -1  1]]
Org_data Accuracy: 0.1054
Test_data Accuracy: 0.1054
Epoch 108, loss 13560.4123
Epoch 109, loss 83.2439
Epoch 110, loss 64783.7121
Epoch 111, loss 37628.9233
[[1 1 1 1 1 1 1 1 1 1]
 [1 1 1 1 1 1 1 1 1 1]
 [1 1 1 1 1 1 1 1 1 1]
 [1 1 1 1 1 1 1 1 1 1]
 [1 1 1 1 1 1 1 1 1 1]
 [1 1 1 1 1 1 1 1 1 1]
 [1 1 1 1 1 1 1 1 1 1]
 [1 1 1 1 1 1 1 1 1 1]
 [1 1 1 1 1 1 1 1 1 1]
 [1 1 1 1 1 1 1 1 1 1]] [[-1 -1 -1 -1 -1 -1 -1 -1 -1  1]
 [-1 -1 -1 -1 -1 -1  1 -1 -1 -1]
 [-1  1 -1 -1 -1 -1 -1 -1 -1 -1]
 [-1 -1 -1 -1  1 -1 -1 -1 -1 -1]
 [-1 -1 -1 -1 -1 -1 -1  1 -1 -1]
 [-1 -1 -1 -1 -1  1 -1 -1 -1 -1]
 [-1 -1 -1  1 -1 -1 -1 -1 -1 -1]
 [-1 -1  1 -1 -1 -1 -1 -1 -1 -1]
 [ 1 -1 -1 -1 -1 -1 -1 -1 -1 -1]
 [-1 -1 -1 -1 -1 -1 -1 -1  1 -1]]
Org_data Accuracy: 0.1054
Test_data Accuracy: 0.1054
Epoch 112, loss 513.8286
Epoch 113, loss 64722.2061
Epoch 114, loss 220.3075
Epoch 115, loss 23223.4672
[[1 1 1 1 1 1 1 1 1 1]
 [1 1 1 1 1 1 1 1 1 1]
 [1 1 1 1 1 1 1 1 1 1]
 [1 1 1 1 1 1 1 1 1 1]
 [1 1 1 1 1 1 1 1 1 1]
 [1 1 1 1 1 1 1 1 1 1]
 [1 1 1 1 1 1 1 1 1 1]
 [1 1 1 1 1 1 1 1 1 1]
 [1 1 1 1 1 1 1 1 1 1]
 [1 1 1 1 1 1 1 1 1 1]] [[-1 -1 -1 -1 -1 -1  1 -1 -1 -1]
 [-1 -1 -1 -1  1 -1 -1 -1  1 -1]
 [-1  1  1 -1 -1 -1 -1 -1 -1 -1]
 [-1  1  1 -1 -1 -1 -1 -1 -1 -1]
 [-1 -1 -1 -1  1 -1 -1 -1  1 -1]
 [-1 -1 -1  1 -1  1 -1 -1 -1 -1]
 [-1 -1 -1 -1 -1 -1 -1  1 -1  1]
 [-1 -1 -1 -1 -1 -1 -1  1 -1  1]
 [ 1 -1 -1 -1 -1 -1 -1 -1 -1 -1]
 [-1 -1 -1  1 -1  1 -1 -1 -1 -1]]
Org_data Accuracy: 0.1054
Test_data Accuracy: 0.1054
Epoch 116, loss 21570.9191
Epoch 117, loss 730.9479
Epoch 118, loss 6900.1832
Epoch 119, loss 1107660.1716
[[1 1 1 1 1 1 1 1 1 1]
 [1 1 1 1 1 1 1 1 1 1]
 [1 1 1 1 1 1 1 1 1 1]
 [1 1 1 1 1 1 1 1 1 1]
 [1 1 1 1 1 1 1 1 1 1]
 [1 1 1 1 1 1 1 1 1 1]
 [1 1 1 1 1 1 1 1 1 1]
 [1 1 1 1 1 1 1 1 1 1]
 [1 1 1 1 1 1 1 1 1 1]
 [1 1 1 1 1 1 1 1 1 1]] [[-1 -1 -1 -1  1 -1 -1 -1 -1 -1]
 [ 1 -1 -1 -1 -1 -1 -1 -1 -1 -1]
 [-1 -1 -1 -1 -1 -1 -1  1 -1 -1]
 [-1 -1 -1 -1 -1  1 -1 -1 -1 -1]
 [-1 -1 -1 -1 -1 -1  1 -1 -1 -1]
 [-1  1 -1 -1 -1 -1 -1 -1 -1 -1]
 [-1 -1 -1 -1 -1 -1 -1 -1  1 -1]
 [-1 -1  1 -1 -1 -1 -1 -1 -1 -1]
 [-1 -1 -1  1 -1 -1 -1 -1 -1 -1]
 [-1 -1 -1 -1 -1 -1 -1 -1 -1  1]]
Org_data Accuracy: 0.1054
Test_data Accuracy: 0.1054
Epoch 120, loss 151366.7397
Epoch 121, loss 4235.3222
Epoch 122, loss 57810.3668
Epoch 123, loss 163336.4482
[[1 1 1 1 1 1 1 1 1 1]
 [1 1 1 1 1 1 1 1 1 1]
 [1 1 1 1 1 1 1 1 1 1]
 [1 1 1 1 1 1 1 1 1 1]
 [1 1 1 1 1 1 1 1 1 1]
 [1 1 1 1 1 1 1 1 1 1]
 [1 1 1 1 1 1 1 1 1 1]
 [1 1 1 1 1 1 1 1 1 1]
 [1 1 1 1 1 1 1 1 1 1]
 [1 1 1 1 1 1 1 1 1 1]] [[-1 -1 -1  1 -1 -1 -1 -1 -1 -1]
 [ 1 -1 -1 -1 -1 -1 -1 -1 -1 -1]
 [-1 -1 -1 -1 -1 -1  1 -1 -1 -1]
 [-1 -1 -1 -1 -1 -1 -1 -1  1 -1]
 [-1 -1 -1 -1  1 -1 -1 -1 -1 -1]
 [-1  1 -1 -1 -1 -1 -1 -1 -1 -1]
 [-1 -1 -1 -1 -1 -1 -1 -1 -1  1]
 [-1 -1  1 -1 -1 -1 -1 -1 -1 -1]
 [-1 -1 -1 -1 -1  1 -1 -1 -1 -1]
 [-1 -1 -1 -1 -1 -1 -1  1 -1 -1]]
Org_data Accuracy: 0.1054
Test_data Accuracy: 0.1054
Epoch 124, loss 36287.2435
Epoch 125, loss 48918.0480
Epoch 126, loss 3968.9726
Epoch 127, loss 54089904.5996
[[1 1 1 1 1 1 1 1 1 1]
 [1 1 1 1 1 1 1 1 1 1]
 [1 1 1 1 1 1 1 1 1 1]
 [1 1 1 1 1 1 1 1 1 1]
 [1 1 1 1 1 1 1 1 1 1]
 [1 1 1 1 1 1 1 1 1 1]
 [1 1 1 1 1 1 1 1 1 1]
 [1 1 1 1 1 1 1 1 1 1]
 [1 1 1 1 1 1 1 1 1 1]
 [1 1 1 1 1 1 1 1 1 1]] [[-1 -1  1 -1 -1 -1 -1 -1 -1 -1]
 [-1  1 -1 -1 -1 -1 -1 -1 -1 -1]
 [-1 -1 -1 -1 -1 -1 -1  1 -1 -1]
 [-1 -1 -1 -1 -1 -1 -1 -1 -1  1]
 [-1 -1 -1 -1  1 -1 -1 -1 -1 -1]
 [-1 -1 -1 -1 -1 -1 -1 -1  1 -1]
 [-1 -1 -1 -1 -1  1 -1 -1 -1 -1]
 [-1 -1 -1  1 -1 -1 -1 -1 -1 -1]
 [ 1 -1 -1 -1 -1 -1 -1 -1 -1 -1]
 [-1 -1 -1 -1 -1 -1  1 -1 -1 -1]]
Org_data Accuracy: 0.1054
Test_data Accuracy: 0.1054
Epoch 128, loss 8764.4642
Epoch 129, loss 51228.1217
Epoch 130, loss 1263.3975
Epoch 131, loss 7784.0637
[[1 1 1 1 1 1 1 1 1 1]
 [1 1 1 1 1 1 1 1 1 1]
 [1 1 1 1 1 1 1 1 1 1]
 [1 1 1 1 1 1 1 1 1 1]
 [1 1 1 1 1 1 1 1 1 1]
 [1 1 1 1 1 1 1 1 1 1]
 [1 1 1 1 1 1 1 1 1 1]
 [1 1 1 1 1 1 1 1 1 1]
 [1 1 1 1 1 1 1 1 1 1]
 [1 1 1 1 1 1 1 1 1 1]] [[-1 -1 -1 -1 -1 -1  1 -1 -1 -1]
 [-1 -1 -1  1 -1 -1 -1 -1 -1 -1]
 [-1 -1 -1 -1 -1 -1 -1  1 -1 -1]
 [-1 -1 -1 -1 -1 -1 -1 -1  1 -1]
 [ 1 -1 -1 -1 -1 -1 -1 -1 -1 -1]
 [-1 -1 -1 -1 -1 -1 -1 -1 -1  1]
 [-1 -1 -1 -1 -1  1 -1 -1 -1 -1]
 [-1 -1 -1 -1  1 -1 -1 -1 -1 -1]
 [-1 -1  1 -1 -1 -1 -1 -1 -1 -1]
 [-1  1 -1 -1 -1 -1 -1 -1 -1 -1]]
Org_data Accuracy: 0.1054
Test_data Accuracy: 0.1054
Epoch 132, loss 1083.8581
Epoch 133, loss 5716.4440
Epoch 134, loss 10645.3425
Epoch 135, loss 2907.7216
[[1 1 1 1 1 1 1 1 1 1]
 [1 1 1 1 1 1 1 1 1 1]
 [1 1 1 1 1 1 1 1 1 1]
 [1 1 1 1 1 1 1 1 1 1]
 [1 1 1 1 1 1 1 1 1 1]
 [1 1 1 1 1 1 1 1 1 1]
 [1 1 1 1 1 1 1 1 1 1]
 [1 1 1 1 1 1 1 1 1 1]
 [1 1 1 1 1 1 1 1 1 1]
 [1 1 1 1 1 1 1 1 1 1]] [[ 1 -1 -1 -1 -1 -1 -1 -1 -1 -1]
 [-1 -1 -1 -1  1 -1 -1 -1 -1 -1]
 [-1 -1  1 -1 -1 -1 -1 -1 -1 -1]
 [-1 -1 -1  1 -1 -1 -1 -1 -1 -1]
 [-1  1 -1 -1 -1 -1 -1 -1 -1 -1]
 [-1 -1 -1 -1 -1 -1 -1 -1  1 -1]
 [-1 -1 -1 -1 -1  1 -1 -1 -1 -1]
 [-1 -1 -1 -1 -1 -1 -1  1 -1 -1]
 [-1 -1 -1 -1 -1 -1  1 -1 -1 -1]
 [-1 -1 -1 -1 -1 -1 -1 -1 -1  1]]
Org_data Accuracy: 0.1054
Test_data Accuracy: 0.1054
Epoch 136, loss 7298.1539
Epoch 137, loss 297.1599
Epoch 138, loss 17988.1369
Epoch 139, loss 7744.5669
[[1 1 1 1 1 1 1 1 1 1]
 [1 1 1 1 1 1 1 1 1 1]
 [1 1 1 1 1 1 1 1 1 1]
 [1 1 1 1 1 1 1 1 1 1]
 [1 1 1 1 1 1 1 1 1 1]
 [1 1 1 1 1 1 1 1 1 1]
 [1 1 1 1 1 1 1 1 1 1]
 [1 1 1 1 1 1 1 1 1 1]
 [1 1 1 1 1 1 1 1 1 1]
 [1 1 1 1 1 1 1 1 1 1]] [[-1 -1 -1 -1 -1  1 -1 -1 -1 -1]
 [-1 -1 -1 -1 -1 -1 -1  1 -1 -1]
 [-1 -1 -1 -1 -1 -1 -1 -1  1 -1]
 [-1  1 -1 -1 -1 -1 -1 -1 -1 -1]
 [-1 -1  1 -1 -1 -1 -1 -1 -1 -1]
 [-1 -1 -1 -1 -1 -1 -1 -1 -1  1]
 [-1 -1 -1 -1 -1 -1  1 -1 -1 -1]
 [-1 -1 -1  1 -1 -1 -1 -1 -1 -1]
 [ 1 -1 -1 -1 -1 -1 -1 -1 -1 -1]
 [-1 -1 -1 -1  1 -1 -1 -1 -1 -1]]
Org_data Accuracy: 0.1098
Test_data Accuracy: 0.1098
Epoch 140, loss 3498.2413
Epoch 141, loss 4919.3617
Epoch 142, loss 1167.9913
Epoch 143, loss 18927.0961
[[1 1 1 1 1 1 1 1 1 1]
 [1 1 1 1 1 1 1 1 1 1]
 [1 1 1 1 1 1 1 1 1 1]
 [1 1 1 1 1 1 1 1 1 1]
 [1 1 1 1 1 1 1 1 1 1]
 [1 1 1 1 1 1 1 1 1 1]
 [1 1 1 1 1 1 1 1 1 1]
 [1 1 1 1 1 1 1 1 1 1]
 [1 1 1 1 1 1 1 1 1 1]
 [1 1 1 1 1 1 1 1 1 1]] [[-1 -1 -1 -1 -1  1 -1 -1 -1 -1]
 [-1 -1 -1 -1 -1 -1 -1 -1  1 -1]
 [-1 -1 -1 -1 -1 -1 -1 -1 -1  1]
 [ 1 -1 -1 -1 -1 -1 -1 -1 -1 -1]
 [-1  1 -1 -1 -1 -1 -1 -1 -1 -1]
 [-1 -1  1 -1 -1 -1 -1 -1 -1 -1]
 [-1 -1 -1 -1 -1 -1 -1  1 -1 -1]
 [-1 -1 -1 -1 -1 -1  1 -1 -1 -1]
 [-1 -1 -1 -1  1 -1 -1 -1 -1 -1]
 [-1 -1 -1  1 -1 -1 -1 -1 -1 -1]]
Org_data Accuracy: 0.1054
Test_data Accuracy: 0.1054
Epoch 144, loss 2120.9157
Epoch 145, loss 2936292.7507
Epoch 146, loss 7206.4054
Epoch 147, loss 7785.2012
[[1 1 1 1 1 1 1 1 1 1]
 [1 1 1 1 1 1 1 1 1 1]
 [1 1 1 1 1 1 1 1 1 1]
 [1 1 1 1 1 1 1 1 1 1]
 [1 1 1 1 1 1 1 1 1 1]
 [1 1 1 1 1 1 1 1 1 1]
 [1 1 1 1 1 1 1 1 1 1]
 [1 1 1 1 1 1 1 1 1 1]
 [1 1 1 1 1 1 1 1 1 1]
 [1 1 1 1 1 1 1 1 1 1]] [[ 1 -1 -1 -1 -1 -1 -1 -1 -1 -1]
 [-1 -1  1 -1 -1 -1 -1 -1 -1 -1]
 [-1 -1 -1 -1 -1  1 -1 -1 -1 -1]
 [-1 -1 -1  1 -1 -1 -1 -1 -1 -1]
 [-1 -1 -1 -1  1 -1 -1 -1 -1 -1]
 [-1 -1 -1 -1 -1 -1 -1  1 -1 -1]
 [-1 -1 -1 -1 -1 -1 -1 -1 -1  1]
 [-1 -1 -1 -1 -1 -1 -1 -1  1 -1]
 [-1  1 -1 -1 -1 -1 -1 -1 -1 -1]
 [-1 -1 -1 -1 -1 -1  1 -1 -1 -1]]
Org_data Accuracy: 0.1054
Test_data Accuracy: 0.1054
Epoch 148, loss 70966.2147
Epoch 149, loss 102117.8662
Epoch 150, loss 30214.6332
Epoch 151, loss 120745.6838
[[1 1 1 1 1 1 1 1 1 1]
 [1 1 1 1 1 1 1 1 1 1]
 [1 1 1 1 1 1 1 1 1 1]
 [1 1 1 1 1 1 1 1 1 1]
 [1 1 1 1 1 1 1 1 1 1]
 [1 1 1 1 1 1 1 1 1 1]
 [1 1 1 1 1 1 1 1 1 1]
 [1 1 1 1 1 1 1 1 1 1]
 [1 1 1 1 1 1 1 1 1 1]
 [1 1 1 1 1 1 1 1 1 1]] [[-1 -1 -1 -1 -1 -1 -1  1 -1 -1]
 [-1 -1 -1  1 -1 -1 -1 -1 -1 -1]
 [-1 -1 -1 -1 -1  1 -1 -1 -1 -1]
 [-1 -1 -1 -1 -1 -1  1 -1 -1 -1]
 [-1 -1 -1 -1 -1 -1 -1 -1 -1  1]
 [-1 -1 -1 -1  1 -1 -1 -1 -1 -1]
 [-1 -1 -1 -1 -1 -1 -1 -1  1 -1]
 [ 1 -1 -1 -1 -1 -1 -1 -1 -1 -1]
 [-1  1 -1 -1 -1 -1 -1 -1 -1 -1]
 [-1 -1  1 -1 -1 -1 -1 -1 -1 -1]]
Org_data Accuracy: 0.1054
Test_data Accuracy: 0.1054
Epoch 152, loss 26359.0862
Epoch 153, loss 5085.8140
Epoch 154, loss 21042.9377
Epoch 155, loss 2378.5446
[[1 1 1 1 1 1 1 1 1 1]
 [1 1 1 1 1 1 1 1 1 1]
 [1 1 1 1 1 1 1 1 1 1]
 [1 1 1 1 1 1 1 1 1 1]
 [1 1 1 1 1 1 1 1 1 1]
 [1 1 1 1 1 1 1 1 1 1]
 [1 1 1 1 1 1 1 1 1 1]
 [1 1 1 1 1 1 1 1 1 1]
 [1 1 1 1 1 1 1 1 1 1]
 [1 1 1 1 1 1 1 1 1 1]] [[ 1 -1 -1 -1 -1 -1 -1 -1 -1 -1]
 [-1 -1 -1 -1 -1 -1 -1  1 -1 -1]
 [-1 -1 -1 -1 -1 -1 -1 -1  1 -1]
 [-1 -1 -1 -1 -1 -1 -1 -1 -1  1]
 [-1 -1  1 -1 -1 -1 -1 -1 -1 -1]
 [-1 -1 -1 -1 -1  1 -1 -1 -1 -1]
 [-1 -1 -1 -1  1 -1 -1 -1 -1 -1]
 [-1  1 -1 -1 -1 -1 -1 -1 -1 -1]
 [-1 -1 -1 -1 -1 -1  1 -1 -1 -1]
 [-1 -1 -1  1 -1 -1 -1 -1 -1 -1]]
Org_data Accuracy: 0.1054
Test_data Accuracy: 0.1054
Epoch 156, loss 154.1569
Epoch 157, loss 161691.5889
Epoch 158, loss 82222.1489
Epoch 159, loss 2218524738.4851
[[1 1 1 1 1 1 1 1 1 1]
 [1 1 1 1 1 1 1 1 1 1]
 [1 1 1 1 1 1 1 1 1 1]
 [1 1 1 1 1 1 1 1 1 1]
 [1 1 1 1 1 1 1 1 1 1]
 [1 1 1 1 1 1 1 1 1 1]
 [1 1 1 1 1 1 1 1 1 1]
 [1 1 1 1 1 1 1 1 1 1]
 [1 1 1 1 1 1 1 1 1 1]
 [1 1 1 1 1 1 1 1 1 1]] [[-1 -1 -1  1 -1 -1 -1 -1 -1 -1]
 [-1 -1 -1 -1 -1 -1 -1 -1  1 -1]
 [-1 -1  1 -1 -1 -1 -1 -1 -1 -1]
 [-1 -1 -1 -1 -1  1 -1 -1 -1 -1]
 [ 1 -1 -1 -1 -1 -1 -1 -1 -1 -1]
 [-1  1 -1 -1 -1 -1 -1 -1 -1 -1]
 [-1 -1 -1 -1 -1 -1 -1  1 -1 -1]
 [-1 -1 -1 -1 -1 -1 -1 -1 -1  1]
 [-1 -1 -1 -1  1 -1 -1 -1 -1 -1]
 [-1 -1 -1 -1 -1 -1  1 -1 -1 -1]]
Org_data Accuracy: 0.1054
Test_data Accuracy: 0.1054
Epoch 160, loss 26771.9714
Epoch 161, loss 11466.5368
Epoch 162, loss 16376.6053
Epoch 163, loss 54883.0038
[[1 1 1 1 1 1 1 1 1 1]
 [1 1 1 1 1 1 1 1 1 1]
 [1 1 1 1 1 1 1 1 1 1]
 [1 1 1 1 1 1 1 1 1 1]
 [1 1 1 1 1 1 1 1 1 1]
 [1 1 1 1 1 1 1 1 1 1]
 [1 1 1 1 1 1 1 1 1 1]
 [1 1 1 1 1 1 1 1 1 1]
 [1 1 1 1 1 1 1 1 1 1]
 [1 1 1 1 1 1 1 1 1 1]] [[-1 -1  1 -1 -1 -1 -1 -1 -1 -1]
 [-1 -1 -1 -1 -1 -1 -1 -1  1 -1]
 [-1 -1 -1 -1  1 -1 -1 -1 -1 -1]
 [-1 -1 -1  1 -1 -1 -1 -1 -1 -1]
 [-1  1 -1 -1 -1 -1 -1 -1 -1 -1]
 [ 1 -1 -1 -1 -1 -1 -1 -1 -1 -1]
 [-1 -1 -1 -1 -1 -1  1 -1 -1 -1]
 [-1 -1 -1 -1 -1 -1 -1  1 -1 -1]
 [-1 -1 -1 -1 -1  1 -1 -1 -1 -1]
 [-1 -1 -1 -1 -1 -1 -1 -1 -1  1]]
Org_data Accuracy: 0.1054
Test_data Accuracy: 0.1054
Epoch 164, loss 59306.4164
Epoch 165, loss 12487.6402
Epoch 166, loss 2147.6508
Epoch 167, loss 9458.5795
[[1 1 1 1 1 1 1 1 1 1]
 [1 1 1 1 1 1 1 1 1 1]
 [1 1 1 1 1 1 1 1 1 1]
 [1 1 1 1 1 1 1 1 1 1]
 [1 1 1 1 1 1 1 1 1 1]
 [1 1 1 1 1 1 1 1 1 1]
 [1 1 1 1 1 1 1 1 1 1]
 [1 1 1 1 1 1 1 1 1 1]
 [1 1 1 1 1 1 1 1 1 1]
 [1 1 1 1 1 1 1 1 1 1]] [[-1 -1 -1  1 -1 -1 -1 -1 -1 -1]
 [-1 -1 -1 -1 -1 -1 -1  1 -1 -1]
 [-1 -1 -1 -1 -1  1 -1 -1 -1 -1]
 [ 1 -1 -1 -1 -1 -1 -1 -1 -1 -1]
 [-1 -1 -1 -1  1 -1 -1 -1 -1 -1]
 [-1  1 -1 -1 -1 -1 -1 -1 -1 -1]
 [-1 -1  1 -1 -1 -1 -1 -1 -1 -1]
 [-1 -1 -1 -1 -1 -1  1 -1 -1 -1]
 [-1 -1 -1 -1 -1 -1 -1 -1  1 -1]
 [-1 -1 -1 -1 -1 -1 -1 -1 -1  1]]
Org_data Accuracy: 0.1054
Test_data Accuracy: 0.1054
Epoch 168, loss 22641.7621
Epoch 169, loss 662824.6979
Epoch 170, loss 53.6402
Epoch 171, loss 13811.1632
[[1 1 1 1 1 1 1 1 1 1]
 [1 1 1 1 1 1 1 1 1 1]
 [1 1 1 1 1 1 1 1 1 1]
 [1 1 1 1 1 1 1 1 1 1]
 [1 1 1 1 1 1 1 1 1 1]
 [1 1 1 1 1 1 1 1 1 1]
 [1 1 1 1 1 1 1 1 1 1]
 [1 1 1 1 1 1 1 1 1 1]
 [1 1 1 1 1 1 1 1 1 1]
 [1 1 1 1 1 1 1 1 1 1]] [[-1 -1 -1 -1 -1 -1 -1  1 -1 -1]
 [ 1 -1 -1 -1 -1 -1 -1 -1 -1 -1]
 [-1  1 -1 -1 -1 -1 -1 -1 -1 -1]
 [-1 -1 -1  1 -1 -1 -1 -1 -1 -1]
 [-1 -1 -1 -1  1 -1 -1 -1 -1 -1]
 [-1 -1  1 -1 -1 -1 -1 -1 -1 -1]
 [-1 -1 -1 -1 -1  1 -1 -1 -1 -1]
 [-1 -1 -1 -1 -1 -1 -1 -1  1 -1]
 [-1 -1 -1 -1 -1 -1 -1 -1 -1  1]
 [-1 -1 -1 -1 -1 -1  1 -1 -1 -1]]
Org_data Accuracy: 0.1054
Test_data Accuracy: 0.1054
Epoch 172, loss 9573.5175
Epoch 173, loss 616.9625
Epoch 174, loss 94277.0776
Epoch 175, loss 42427.6117
[[1 1 1 1 1 1 1 1 1 1]
 [1 1 1 1 1 1 1 1 1 1]
 [1 1 1 1 1 1 1 1 1 1]
 [1 1 1 1 1 1 1 1 1 1]
 [1 1 1 1 1 1 1 1 1 1]
 [1 1 1 1 1 1 1 1 1 1]
 [1 1 1 1 1 1 1 1 1 1]
 [1 1 1 1 1 1 1 1 1 1]
 [1 1 1 1 1 1 1 1 1 1]
 [1 1 1 1 1 1 1 1 1 1]] [[-1 -1  1 -1 -1 -1 -1 -1 -1 -1]
 [-1 -1 -1 -1 -1 -1  1 -1 -1 -1]
 [-1 -1 -1 -1 -1  1 -1 -1 -1 -1]
 [-1 -1 -1 -1 -1 -1 -1 -1 -1  1]
 [-1 -1 -1 -1  1 -1 -1 -1 -1 -1]
 [-1 -1 -1 -1 -1 -1 -1  1 -1 -1]
 [-1 -1 -1 -1 -1 -1 -1 -1  1 -1]
 [-1  1 -1 -1 -1 -1 -1 -1 -1 -1]
 [ 1 -1 -1 -1 -1 -1 -1 -1 -1 -1]
 [-1 -1 -1  1 -1 -1 -1 -1 -1 -1]]
Org_data Accuracy: 0.1054
Test_data Accuracy: 0.1054
Epoch 176, loss 47892.7758
Epoch 177, loss 1114.3206
Epoch 178, loss 25659.1195
Epoch 179, loss 2734.5209
[[1 1 1 1 1 1 1 1 1 1]
 [1 1 1 1 1 1 1 1 1 1]
 [1 1 1 1 1 1 1 1 1 1]
 [1 1 1 1 1 1 1 1 1 1]
 [1 1 1 1 1 1 1 1 1 1]
 [1 1 1 1 1 1 1 1 1 1]
 [1 1 1 1 1 1 1 1 1 1]
 [1 1 1 1 1 1 1 1 1 1]
 [1 1 1 1 1 1 1 1 1 1]
 [1 1 1 1 1 1 1 1 1 1]] [[ 1 -1 -1 -1 -1 -1 -1 -1 -1 -1]
 [-1  1 -1 -1 -1 -1 -1 -1 -1 -1]
 [-1 -1 -1 -1 -1  1 -1 -1 -1 -1]
 [-1 -1 -1 -1  1 -1 -1 -1 -1 -1]
 [-1 -1 -1 -1 -1 -1 -1  1 -1 -1]
 [-1 -1  1 -1 -1 -1 -1 -1 -1 -1]
 [-1 -1 -1  1 -1 -1 -1 -1 -1 -1]
 [-1 -1 -1 -1 -1 -1 -1 -1 -1  1]
 [-1 -1 -1 -1 -1 -1 -1 -1  1 -1]
 [-1 -1 -1 -1 -1 -1  1 -1 -1 -1]]
Org_data Accuracy: 0.1054
Test_data Accuracy: 0.1054
Epoch 180, loss 17210.3630
Epoch 181, loss 35963.5570
Epoch 182, loss 5698.2076
Epoch 183, loss 131396.7251
[[1 1 1 1 1 1 1 1 1 1]
 [1 1 1 1 1 1 1 1 1 1]
 [1 1 1 1 1 1 1 1 1 1]
 [1 1 1 1 1 1 1 1 1 1]
 [1 1 1 1 1 1 1 1 1 1]
 [1 1 1 1 1 1 1 1 1 1]
 [1 1 1 1 1 1 1 1 1 1]
 [1 1 1 1 1 1 1 1 1 1]
 [1 1 1 1 1 1 1 1 1 1]
 [1 1 1 1 1 1 1 1 1 1]] [[-1 -1 -1 -1  1 -1 -1 -1 -1 -1]
 [-1 -1 -1 -1 -1 -1 -1 -1  1 -1]
 [-1 -1 -1 -1 -1 -1 -1 -1 -1  1]
 [-1 -1 -1  1 -1 -1 -1 -1 -1 -1]
 [ 1 -1 -1 -1 -1 -1 -1 -1 -1 -1]
 [-1 -1 -1 -1 -1 -1 -1  1 -1 -1]
 [-1 -1  1 -1 -1 -1 -1 -1 -1 -1]
 [-1 -1 -1 -1 -1  1 -1 -1 -1 -1]
 [-1  1 -1 -1 -1 -1 -1 -1 -1 -1]
 [-1 -1 -1 -1 -1 -1  1 -1 -1 -1]]
Org_data Accuracy: 0.1054
Test_data Accuracy: 0.1054
Epoch 184, loss 355624.3926
Epoch 185, loss 37183.2359
Epoch 186, loss 6218.9544
Epoch 187, loss 35467.9572
[[1 1 1 1 1 1 1 1 1 1]
 [1 1 1 1 1 1 1 1 1 1]
 [1 1 1 1 1 1 1 1 1 1]
 [1 1 1 1 1 1 1 1 1 1]
 [1 1 1 1 1 1 1 1 1 1]
 [1 1 1 1 1 1 1 1 1 1]
 [1 1 1 1 1 1 1 1 1 1]
 [1 1 1 1 1 1 1 1 1 1]
 [1 1 1 1 1 1 1 1 1 1]
 [1 1 1 1 1 1 1 1 1 1]] [[-1 -1 -1  1 -1 -1 -1 -1 -1 -1]
 [-1  1 -1 -1 -1 -1 -1 -1 -1 -1]
 [-1 -1 -1 -1 -1 -1  1 -1 -1 -1]
 [ 1 -1 -1 -1 -1 -1 -1 -1 -1 -1]
 [-1 -1  1 -1 -1 -1 -1 -1 -1 -1]
 [-1 -1 -1 -1  1 -1 -1 -1 -1 -1]
 [-1 -1 -1 -1 -1  1 -1 -1 -1 -1]
 [-1 -1 -1 -1 -1 -1 -1 -1  1 -1]
 [-1 -1 -1 -1 -1 -1 -1  1 -1 -1]
 [-1 -1 -1 -1 -1 -1 -1 -1 -1  1]]
Org_data Accuracy: 0.1054
Test_data Accuracy: 0.1054
Epoch 188, loss 47637.7117
Epoch 189, loss 17664.9540
Epoch 190, loss 16968.7431
Epoch 191, loss 1313339.8001
[[1 1 1 1 1 1 1 1 1 1]
 [1 1 1 1 1 1 1 1 1 1]
 [1 1 1 1 1 1 1 1 1 1]
 [1 1 1 1 1 1 1 1 1 1]
 [1 1 1 1 1 1 1 1 1 1]
 [1 1 1 1 1 1 1 1 1 1]
 [1 1 1 1 1 1 1 1 1 1]
 [1 1 1 1 1 1 1 1 1 1]
 [1 1 1 1 1 1 1 1 1 1]
 [1 1 1 1 1 1 1 1 1 1]] [[-1 -1 -1 -1 -1 -1 -1 -1  1 -1]
 [-1 -1 -1 -1 -1 -1 -1 -1 -1  1]
 [-1  1 -1 -1 -1 -1 -1 -1 -1 -1]
 [-1 -1 -1 -1 -1 -1 -1  1 -1 -1]
 [-1 -1 -1 -1  1 -1 -1 -1 -1 -1]
 [-1 -1  1 -1 -1 -1 -1 -1 -1 -1]
 [-1 -1 -1 -1 -1  1 -1 -1 -1 -1]
 [-1 -1 -1  1 -1 -1 -1 -1 -1 -1]
 [-1 -1 -1 -1 -1 -1  1 -1 -1 -1]
 [ 1 -1 -1 -1 -1 -1 -1 -1 -1 -1]]
Org_data Accuracy: 0.1054
Test_data Accuracy: 0.1054
Epoch 192, loss 9542.2674
Epoch 193, loss 7063.4672
Epoch 194, loss 1169.5111
Epoch 195, loss 6713.6156
[[1 1 1 1 1 1 1 1 1 1]
 [1 1 1 1 1 1 1 1 1 1]
 [1 1 1 1 1 1 1 1 1 1]
 [1 1 1 1 1 1 1 1 1 1]
 [1 1 1 1 1 1 1 1 1 1]
 [1 1 1 1 1 1 1 1 1 1]
 [1 1 1 1 1 1 1 1 1 1]
 [1 1 1 1 1 1 1 1 1 1]
 [1 1 1 1 1 1 1 1 1 1]
 [1 1 1 1 1 1 1 1 1 1]] [[ 1 -1 -1 -1 -1 -1 -1 -1 -1 -1]
 [-1 -1  1 -1 -1 -1 -1 -1 -1 -1]
 [-1 -1 -1 -1 -1 -1 -1 -1 -1  1]
 [-1 -1 -1  1 -1 -1 -1  1 -1 -1]
 [-1 -1 -1 -1  1 -1 -1 -1 -1 -1]
 [-1 -1 -1  1 -1 -1 -1  1 -1 -1]
 [-1 -1 -1 -1 -1 -1  1 -1 -1 -1]
 [-1 -1 -1 -1 -1 -1 -1 -1  1 -1]
 [-1  1 -1 -1 -1 -1 -1 -1 -1 -1]
 [-1 -1 -1 -1 -1  1 -1 -1 -1 -1]]
Org_data Accuracy: 0.1054
Test_data Accuracy: 0.1054
Epoch 196, loss 556.2033
Epoch 197, loss 1151368.0674
Epoch 198, loss 141.0688
Epoch 199, loss 15324.6118
[[1 1 1 1 1 1 1 1 1 1]
 [1 1 1 1 1 1 1 1 1 1]
 [1 1 1 1 1 1 1 1 1 1]
 [1 1 1 1 1 1 1 1 1 1]
 [1 1 1 1 1 1 1 1 1 1]
 [1 1 1 1 1 1 1 1 1 1]
 [1 1 1 1 1 1 1 1 1 1]
 [1 1 1 1 1 1 1 1 1 1]
 [1 1 1 1 1 1 1 1 1 1]
 [1 1 1 1 1 1 1 1 1 1]] [[ 1 -1 -1 -1 -1 -1 -1 -1 -1 -1]
 [-1 -1 -1 -1 -1 -1 -1 -1 -1  1]
 [-1 -1 -1 -1 -1  1 -1 -1 -1 -1]
 [-1 -1 -1 -1 -1 -1  1 -1 -1 -1]
 [-1  1 -1 -1 -1 -1 -1 -1 -1 -1]
 [-1 -1 -1 -1  1 -1 -1 -1 -1 -1]
 [-1 -1 -1  1 -1 -1 -1 -1 -1 -1]
 [-1 -1 -1 -1 -1 -1 -1  1 -1 -1]
 [-1 -1 -1 -1 -1 -1 -1 -1  1 -1]
 [-1 -1  1 -1 -1 -1 -1 -1 -1 -1]]
Org_data Accuracy: 0.1054
Test_data Accuracy: 0.1054
